13-Dec-2023 13:29:48.742 INFO [main] org.apache.catalina.startup.VersionLoggerListener.log 서버 버전 이름:    Apache Tomcat/10.1.16
13-Dec-2023 13:29:48.745 INFO [main] org.apache.catalina.startup.VersionLoggerListener.log Server 빌드 시각:  Nov 10 2023 16:17:33 UTC
13-Dec-2023 13:29:48.745 INFO [main] org.apache.catalina.startup.VersionLoggerListener.log Server 버전 번호:  10.1.16.0
13-Dec-2023 13:29:48.745 INFO [main] org.apache.catalina.startup.VersionLoggerListener.log 운영체제 이름:     Windows 10
13-Dec-2023 13:29:48.746 INFO [main] org.apache.catalina.startup.VersionLoggerListener.log 운영체제 버전:     10.0
13-Dec-2023 13:29:48.746 INFO [main] org.apache.catalina.startup.VersionLoggerListener.log 아키텍처:          amd64
13-Dec-2023 13:29:48.746 INFO [main] org.apache.catalina.startup.VersionLoggerListener.log 자바 홈:           C:\Users\user\.jdks\openjdk-19
13-Dec-2023 13:29:48.746 INFO [main] org.apache.catalina.startup.VersionLoggerListener.log JVM 버전:          19+36-2238
13-Dec-2023 13:29:48.746 INFO [main] org.apache.catalina.startup.VersionLoggerListener.log JVM 벤더:          Oracle Corporation
13-Dec-2023 13:29:48.746 INFO [main] org.apache.catalina.startup.VersionLoggerListener.log CATALINA_BASE:     C:\Users\user\Desktop\youtube 강의\jsp_projects\JSP_Board
13-Dec-2023 13:29:48.746 INFO [main] org.apache.catalina.startup.VersionLoggerListener.log CATALINA_HOME:     C:\Users\user\Desktop\youtube 강의\apache-tomcat-10.1.16
13-Dec-2023 13:29:48.754 INFO [main] org.apache.catalina.startup.VersionLoggerListener.log 명령 행 아규먼트:  --add-opens=java.base/java.lang=ALL-UNNAMED
13-Dec-2023 13:29:48.755 INFO [main] org.apache.catalina.startup.VersionLoggerListener.log 명령 행 아규먼트:  --add-opens=java.base/java.io=ALL-UNNAMED
13-Dec-2023 13:29:48.755 INFO [main] org.apache.catalina.startup.VersionLoggerListener.log 명령 행 아규먼트:  --add-opens=java.base/java.util=ALL-UNNAMED
13-Dec-2023 13:29:48.755 INFO [main] org.apache.catalina.startup.VersionLoggerListener.log 명령 행 아규먼트:  --add-opens=java.base/java.util.concurrent=ALL-UNNAMED
13-Dec-2023 13:29:48.755 INFO [main] org.apache.catalina.startup.VersionLoggerListener.log 명령 행 아규먼트:  --add-opens=java.rmi/sun.rmi.transport=ALL-UNNAMED
13-Dec-2023 13:29:48.755 INFO [main] org.apache.catalina.startup.VersionLoggerListener.log 명령 행 아규먼트:  -Dcatalina.home=C:\Users\user\Desktop\youtube 강의\apache-tomcat-10.1.16
13-Dec-2023 13:29:48.755 INFO [main] org.apache.catalina.startup.VersionLoggerListener.log 명령 행 아규먼트:  -Dcatalina.base=C:\Users\user\Desktop\youtube 강의\jsp_projects\JSP_Board
13-Dec-2023 13:29:48.755 INFO [main] org.apache.catalina.startup.VersionLoggerListener.log 명령 행 아규먼트:  -Djava.io.tmpdir=C:\Users\user\Desktop\youtube 강의\jsp_projects\JSP_Board\temp
13-Dec-2023 13:29:48.755 INFO [main] org.apache.catalina.startup.VersionLoggerListener.log 명령 행 아규먼트:  -Djava.util.logging.config.file=C:\Users\user\Desktop\youtube 강의\jsp_projects\JSP_Board\conf\logging.properties
13-Dec-2023 13:29:48.755 INFO [main] org.apache.catalina.startup.VersionLoggerListener.log 명령 행 아규먼트:  -Djava.util.logging.manager=org.apache.juli.ClassLoaderLogManager
13-Dec-2023 13:29:48.755 INFO [main] org.apache.catalina.startup.VersionLoggerListener.log 명령 행 아규먼트:  -javaagent:C:\Program Files\JetBrains\IntelliJ IDEA Community Edition 2023.1.2\lib\idea_rt.jar=60148:C:\Program Files\JetBrains\IntelliJ IDEA Community Edition 2023.1.2\bin
13-Dec-2023 13:29:48.755 INFO [main] org.apache.catalina.startup.VersionLoggerListener.log 명령 행 아규먼트:  -Dfile.encoding=UTF-8
13-Dec-2023 13:29:48.755 INFO [main] org.apache.catalina.startup.VersionLoggerListener.log 명령 행 아규먼트:  -Dsun.stdout.encoding=UTF-8
13-Dec-2023 13:29:48.755 INFO [main] org.apache.catalina.startup.VersionLoggerListener.log 명령 행 아규먼트:  -Dsun.stderr.encoding=UTF-8
13-Dec-2023 13:29:48.759 INFO [main] org.apache.catalina.core.AprLifecycleListener.lifecycleEvent APR 버전 [1.7.4]을(를) 사용한, APR 기반 Apache Tomcat Native 라이브러리 [2.0.6]을(를) 로드했습니다.
13-Dec-2023 13:29:48.767 INFO [main] org.apache.catalina.core.AprLifecycleListener.initializeSSL OpenSSL이 성공적으로 초기화되었습니다: [OpenSSL 3.0.11 19 Sep 2023]
13-Dec-2023 13:29:49.038 INFO [main] org.apache.coyote.AbstractProtocol.init 프로토콜 핸들러 ["http-nio-8081"]을(를) 초기화합니다.
13-Dec-2023 13:29:49.057 INFO [main] org.apache.catalina.startup.Catalina.load [512] 밀리초 내에 서버가 초기화되었습니다.
13-Dec-2023 13:29:49.115 INFO [main] org.apache.catalina.core.StandardService.startInternal 서비스 [Catalina]을(를) 시작합니다.
13-Dec-2023 13:29:49.115 INFO [main] org.apache.catalina.core.StandardEngine.startInternal 서버 엔진을 시작합니다: [Apache Tomcat/10.1.16]
13-Dec-2023 13:29:49.132 INFO [main] org.apache.catalina.startup.HostConfig.deployDescriptor 배치 descriptor [C:\Users\user\Desktop\youtube 강의\jsp_projects\JSP_Board\conf\Catalina\localhost\ROOT.xml]을(를) 배치합니다.
13-Dec-2023 13:29:50.265 INFO [main] org.apache.jasper.servlet.TldScanner.scanJars 적어도 하나의 JAR가 TLD들을 찾기 위해 스캔되었으나 아무 것도 찾지 못했습니다. 스캔했으나 TLD가 없는 JAR들의 전체 목록을 보시려면, 로그 레벨을 디버그 레벨로 설정하십시오. 스캔 과정에서 불필요한 JAR들을 건너뛰면, 시스템 시작 시간과 JSP 컴파일 시간을 단축시킬 수 있습니다.
13-Dec-2023 13:29:50.367 INFO [main] org.apache.catalina.startup.HostConfig.deployDescriptor 배치 descriptor [C:\Users\user\Desktop\youtube 강의\jsp_projects\JSP_Board\conf\Catalina\localhost\ROOT.xml]의 배치가 [1,232] 밀리초 내에 완료되었습니다.
13-Dec-2023 13:29:50.370 INFO [main] org.apache.coyote.AbstractProtocol.start 프로토콜 핸들러 ["http-nio-8081"]을(를) 시작합니다.
13-Dec-2023 13:29:50.436 INFO [main] org.apache.catalina.startup.Catalina.start 서버가 [1377] 밀리초 내에 시작되었습니다.
13-Dec-2023 13:37:36.831 INFO [Catalina-utility-2] org.apache.catalina.core.StandardContext.reload 이름이 []인 컨텍스트를 다시 로드하는 작업이 시작되었습니다.
13-Dec-2023 13:37:36.834 WARNING [Catalina-utility-2] org.apache.catalina.loader.WebappClassLoaderBase.clearReferencesJdbc 웹 애플리케이션 [ROOT]이(가) JDBC 드라이버 [com.mysql.cj.jdbc.Driver]을(를) 등록했지만, 웹 애플리케이션이 중지될 때, 해당 JDBC 드라이버의 등록을 제거하지 못했습니다. 메모리 누수를 방지하기 위하여, 등록을 강제로 제거했습니다.
13-Dec-2023 13:37:36.835 WARNING [Catalina-utility-2] org.apache.catalina.loader.WebappClassLoaderBase.clearReferencesThreads 웹 애플리케이션 [ROOT]이(가) [mysql-cj-abandoned-connection-cleanup](이)라는 이름의 쓰레드를 시작시킨 것으로 보이지만, 해당 쓰레드를 중지시키지 못했습니다. 이는 메모리 누수를 유발할 가능성이 큽니다. 해당 쓰레드의 스택 트레이스:
 java.base/jdk.internal.misc.Unsafe.park(Native Method)
 java.base/java.util.concurrent.locks.LockSupport.parkNanos(LockSupport.java:269)
 java.base/java.util.concurrent.locks.AbstractQueuedSynchronizer$ConditionObject.await(AbstractQueuedSynchronizer.java:1759)
 java.base/java.lang.ref.ReferenceQueue.await(ReferenceQueue.java:71)
 java.base/java.lang.ref.ReferenceQueue.remove0(ReferenceQueue.java:143)
 java.base/java.lang.ref.ReferenceQueue.remove(ReferenceQueue.java:218)
 com.mysql.cj.jdbc.AbandonedConnectionCleanupThread.run(AbandonedConnectionCleanupThread.java:91)
 java.base/java.util.concurrent.ThreadPoolExecutor.runWorker(ThreadPoolExecutor.java:1144)
 java.base/java.util.concurrent.ThreadPoolExecutor$Worker.run(ThreadPoolExecutor.java:642)
 java.base/java.lang.Thread.run(Thread.java:1589)
13-Dec-2023 13:37:37.169 INFO [mysql-cj-abandoned-connection-cleanup] org.apache.catalina.loader.WebappClassLoaderBase.checkStateForResourceLoading 불허되는 접근: 이 웹 애플리케이션 인스턴스는 이미 중지되었습니다. []을(를) 로드할 수 없습니다. 디버그 목적 및 불허되는 접근을 발생시킨 해당 쓰레드를 종료시키기 위한 시도로서, 다음 스택 트레이스가 생성됩니다.
	java.lang.IllegalStateException: 불허되는 접근: 이 웹 애플리케이션 인스턴스는 이미 중지되었습니다. []을(를) 로드할 수 없습니다. 디버그 목적 및 불허되는 접근을 발생시킨 해당 쓰레드를 종료시키기 위한 시도로서, 다음 스택 트레이스가 생성됩니다.
		at org.apache.catalina.loader.WebappClassLoaderBase.checkStateForResourceLoading(WebappClassLoaderBase.java:1373)
		at org.apache.catalina.loader.WebappClassLoaderBase.getResource(WebappClassLoaderBase.java:971)
		at com.mysql.cj.jdbc.AbandonedConnectionCleanupThread.checkThreadContextClassLoader(AbandonedConnectionCleanupThread.java:123)
		at com.mysql.cj.jdbc.AbandonedConnectionCleanupThread.run(AbandonedConnectionCleanupThread.java:90)
		at java.base/java.util.concurrent.ThreadPoolExecutor.runWorker(ThreadPoolExecutor.java:1144)
		at java.base/java.util.concurrent.ThreadPoolExecutor$Worker.run(ThreadPoolExecutor.java:642)
		at java.base/java.lang.Thread.run(Thread.java:1589)
13-Dec-2023 13:37:37.564 INFO [Catalina-utility-2] org.apache.jasper.servlet.TldScanner.scanJars 적어도 하나의 JAR가 TLD들을 찾기 위해 스캔되었으나 아무 것도 찾지 못했습니다. 스캔했으나 TLD가 없는 JAR들의 전체 목록을 보시려면, 로그 레벨을 디버그 레벨로 설정하십시오. 스캔 과정에서 불필요한 JAR들을 건너뛰면, 시스템 시작 시간과 JSP 컴파일 시간을 단축시킬 수 있습니다.
13-Dec-2023 13:37:37.567 INFO [Catalina-utility-2] org.apache.catalina.core.StandardContext.reload 이름이 []인 컨텍스트를 다시 로드하는 것을 완료했습니다.
13-Dec-2023 13:37:51.754 INFO [Thread-1] org.apache.coyote.AbstractProtocol.pause 프로토콜 핸들러 ["http-nio-8081"]을(를) 일시 정지 중
13-Dec-2023 13:37:51.762 INFO [Thread-1] org.apache.catalina.core.StandardService.stopInternal 서비스 [Catalina]을(를) 중지시킵니다.
13-Dec-2023 13:37:51.766 INFO [Thread-1] org.apache.coyote.AbstractProtocol.stop 프로토콜 핸들러 ["http-nio-8081"]을(를) 중지시킵니다.
13-Dec-2023 13:37:51.772 INFO [Thread-1] org.apache.coyote.AbstractProtocol.destroy 프로토콜 핸들러 ["http-nio-8081"]을(를) 소멸시킵니다.
13-Dec-2023 13:37:55.301 INFO [main] org.apache.catalina.startup.VersionLoggerListener.log 서버 버전 이름:    Apache Tomcat/10.1.16
13-Dec-2023 13:37:55.304 INFO [main] org.apache.catalina.startup.VersionLoggerListener.log Server 빌드 시각:  Nov 10 2023 16:17:33 UTC
13-Dec-2023 13:37:55.305 INFO [main] org.apache.catalina.startup.VersionLoggerListener.log Server 버전 번호:  10.1.16.0
13-Dec-2023 13:37:55.305 INFO [main] org.apache.catalina.startup.VersionLoggerListener.log 운영체제 이름:     Windows 10
13-Dec-2023 13:37:55.306 INFO [main] org.apache.catalina.startup.VersionLoggerListener.log 운영체제 버전:     10.0
13-Dec-2023 13:37:55.306 INFO [main] org.apache.catalina.startup.VersionLoggerListener.log 아키텍처:          amd64
13-Dec-2023 13:37:55.306 INFO [main] org.apache.catalina.startup.VersionLoggerListener.log 자바 홈:           C:\Users\user\.jdks\openjdk-19
13-Dec-2023 13:37:55.306 INFO [main] org.apache.catalina.startup.VersionLoggerListener.log JVM 버전:          19+36-2238
13-Dec-2023 13:37:55.306 INFO [main] org.apache.catalina.startup.VersionLoggerListener.log JVM 벤더:          Oracle Corporation
13-Dec-2023 13:37:55.306 INFO [main] org.apache.catalina.startup.VersionLoggerListener.log CATALINA_BASE:     C:\Users\user\Desktop\youtube 강의\jsp_projects\JSP_Board
13-Dec-2023 13:37:55.306 INFO [main] org.apache.catalina.startup.VersionLoggerListener.log CATALINA_HOME:     C:\Users\user\Desktop\youtube 강의\apache-tomcat-10.1.16
13-Dec-2023 13:37:55.317 INFO [main] org.apache.catalina.startup.VersionLoggerListener.log 명령 행 아규먼트:  --add-opens=java.base/java.lang=ALL-UNNAMED
13-Dec-2023 13:37:55.317 INFO [main] org.apache.catalina.startup.VersionLoggerListener.log 명령 행 아규먼트:  --add-opens=java.base/java.io=ALL-UNNAMED
13-Dec-2023 13:37:55.317 INFO [main] org.apache.catalina.startup.VersionLoggerListener.log 명령 행 아규먼트:  --add-opens=java.base/java.util=ALL-UNNAMED
13-Dec-2023 13:37:55.317 INFO [main] org.apache.catalina.startup.VersionLoggerListener.log 명령 행 아규먼트:  --add-opens=java.base/java.util.concurrent=ALL-UNNAMED
13-Dec-2023 13:37:55.317 INFO [main] org.apache.catalina.startup.VersionLoggerListener.log 명령 행 아규먼트:  --add-opens=java.rmi/sun.rmi.transport=ALL-UNNAMED
13-Dec-2023 13:37:55.317 INFO [main] org.apache.catalina.startup.VersionLoggerListener.log 명령 행 아규먼트:  -Dcatalina.home=C:\Users\user\Desktop\youtube 강의\apache-tomcat-10.1.16
13-Dec-2023 13:37:55.317 INFO [main] org.apache.catalina.startup.VersionLoggerListener.log 명령 행 아규먼트:  -Dcatalina.base=C:\Users\user\Desktop\youtube 강의\jsp_projects\JSP_Board
13-Dec-2023 13:37:55.317 INFO [main] org.apache.catalina.startup.VersionLoggerListener.log 명령 행 아규먼트:  -Djava.io.tmpdir=C:\Users\user\Desktop\youtube 강의\jsp_projects\JSP_Board\temp
13-Dec-2023 13:37:55.317 INFO [main] org.apache.catalina.startup.VersionLoggerListener.log 명령 행 아규먼트:  -Djava.util.logging.config.file=C:\Users\user\Desktop\youtube 강의\jsp_projects\JSP_Board\conf\logging.properties
13-Dec-2023 13:37:55.317 INFO [main] org.apache.catalina.startup.VersionLoggerListener.log 명령 행 아규먼트:  -Djava.util.logging.manager=org.apache.juli.ClassLoaderLogManager
13-Dec-2023 13:37:55.317 INFO [main] org.apache.catalina.startup.VersionLoggerListener.log 명령 행 아규먼트:  -javaagent:C:\Program Files\JetBrains\IntelliJ IDEA Community Edition 2023.1.2\lib\idea_rt.jar=60340:C:\Program Files\JetBrains\IntelliJ IDEA Community Edition 2023.1.2\bin
13-Dec-2023 13:37:55.318 INFO [main] org.apache.catalina.startup.VersionLoggerListener.log 명령 행 아규먼트:  -Dfile.encoding=UTF-8
13-Dec-2023 13:37:55.318 INFO [main] org.apache.catalina.startup.VersionLoggerListener.log 명령 행 아규먼트:  -Dsun.stdout.encoding=UTF-8
13-Dec-2023 13:37:55.318 INFO [main] org.apache.catalina.startup.VersionLoggerListener.log 명령 행 아규먼트:  -Dsun.stderr.encoding=UTF-8
13-Dec-2023 13:37:55.322 INFO [main] org.apache.catalina.core.AprLifecycleListener.lifecycleEvent APR 버전 [1.7.4]을(를) 사용한, APR 기반 Apache Tomcat Native 라이브러리 [2.0.6]을(를) 로드했습니다.
13-Dec-2023 13:37:55.332 INFO [main] org.apache.catalina.core.AprLifecycleListener.initializeSSL OpenSSL이 성공적으로 초기화되었습니다: [OpenSSL 3.0.11 19 Sep 2023]
13-Dec-2023 13:37:55.584 INFO [main] org.apache.coyote.AbstractProtocol.init 프로토콜 핸들러 ["http-nio-8081"]을(를) 초기화합니다.
13-Dec-2023 13:37:55.603 INFO [main] org.apache.catalina.startup.Catalina.load [524] 밀리초 내에 서버가 초기화되었습니다.
13-Dec-2023 13:37:55.651 INFO [main] org.apache.catalina.core.StandardService.startInternal 서비스 [Catalina]을(를) 시작합니다.
13-Dec-2023 13:37:55.651 INFO [main] org.apache.catalina.core.StandardEngine.startInternal 서버 엔진을 시작합니다: [Apache Tomcat/10.1.16]
13-Dec-2023 13:37:55.664 INFO [main] org.apache.catalina.startup.HostConfig.deployDescriptor 배치 descriptor [C:\Users\user\Desktop\youtube 강의\jsp_projects\JSP_Board\conf\Catalina\localhost\ROOT.xml]을(를) 배치합니다.
13-Dec-2023 13:37:56.836 INFO [main] org.apache.jasper.servlet.TldScanner.scanJars 적어도 하나의 JAR가 TLD들을 찾기 위해 스캔되었으나 아무 것도 찾지 못했습니다. 스캔했으나 TLD가 없는 JAR들의 전체 목록을 보시려면, 로그 레벨을 디버그 레벨로 설정하십시오. 스캔 과정에서 불필요한 JAR들을 건너뛰면, 시스템 시작 시간과 JSP 컴파일 시간을 단축시킬 수 있습니다.
13-Dec-2023 13:37:56.946 INFO [main] org.apache.catalina.startup.HostConfig.deployDescriptor 배치 descriptor [C:\Users\user\Desktop\youtube 강의\jsp_projects\JSP_Board\conf\Catalina\localhost\ROOT.xml]의 배치가 [1,279] 밀리초 내에 완료되었습니다.
13-Dec-2023 13:37:56.950 INFO [main] org.apache.coyote.AbstractProtocol.start 프로토콜 핸들러 ["http-nio-8081"]을(를) 시작합니다.
13-Dec-2023 13:37:57.024 INFO [main] org.apache.catalina.startup.Catalina.start 서버가 [1419] 밀리초 내에 시작되었습니다.
13-Dec-2023 13:41:50.718 INFO [Catalina-utility-1] org.apache.catalina.core.StandardContext.reload 이름이 []인 컨텍스트를 다시 로드하는 작업이 시작되었습니다.
13-Dec-2023 13:41:50.722 WARNING [Catalina-utility-1] org.apache.catalina.loader.WebappClassLoaderBase.clearReferencesJdbc 웹 애플리케이션 [ROOT]이(가) JDBC 드라이버 [com.mysql.cj.jdbc.Driver]을(를) 등록했지만, 웹 애플리케이션이 중지될 때, 해당 JDBC 드라이버의 등록을 제거하지 못했습니다. 메모리 누수를 방지하기 위하여, 등록을 강제로 제거했습니다.
13-Dec-2023 13:41:50.722 WARNING [Catalina-utility-1] org.apache.catalina.loader.WebappClassLoaderBase.clearReferencesThreads 웹 애플리케이션 [ROOT]이(가) [mysql-cj-abandoned-connection-cleanup](이)라는 이름의 쓰레드를 시작시킨 것으로 보이지만, 해당 쓰레드를 중지시키지 못했습니다. 이는 메모리 누수를 유발할 가능성이 큽니다. 해당 쓰레드의 스택 트레이스:
 java.base/jdk.internal.misc.Unsafe.park(Native Method)
 java.base/java.util.concurrent.locks.LockSupport.parkNanos(LockSupport.java:269)
 java.base/java.util.concurrent.locks.AbstractQueuedSynchronizer$ConditionObject.await(AbstractQueuedSynchronizer.java:1759)
 java.base/java.lang.ref.ReferenceQueue.await(ReferenceQueue.java:71)
 java.base/java.lang.ref.ReferenceQueue.remove0(ReferenceQueue.java:143)
 java.base/java.lang.ref.ReferenceQueue.remove(ReferenceQueue.java:218)
 com.mysql.cj.jdbc.AbandonedConnectionCleanupThread.run(AbandonedConnectionCleanupThread.java:91)
 java.base/java.util.concurrent.ThreadPoolExecutor.runWorker(ThreadPoolExecutor.java:1144)
 java.base/java.util.concurrent.ThreadPoolExecutor$Worker.run(ThreadPoolExecutor.java:642)
 java.base/java.lang.Thread.run(Thread.java:1589)
13-Dec-2023 13:41:50.892 INFO [mysql-cj-abandoned-connection-cleanup] org.apache.catalina.loader.WebappClassLoaderBase.checkStateForResourceLoading 불허되는 접근: 이 웹 애플리케이션 인스턴스는 이미 중지되었습니다. []을(를) 로드할 수 없습니다. 디버그 목적 및 불허되는 접근을 발생시킨 해당 쓰레드를 종료시키기 위한 시도로서, 다음 스택 트레이스가 생성됩니다.
	java.lang.IllegalStateException: 불허되는 접근: 이 웹 애플리케이션 인스턴스는 이미 중지되었습니다. []을(를) 로드할 수 없습니다. 디버그 목적 및 불허되는 접근을 발생시킨 해당 쓰레드를 종료시키기 위한 시도로서, 다음 스택 트레이스가 생성됩니다.
		at org.apache.catalina.loader.WebappClassLoaderBase.checkStateForResourceLoading(WebappClassLoaderBase.java:1373)
		at org.apache.catalina.loader.WebappClassLoaderBase.getResource(WebappClassLoaderBase.java:971)
		at com.mysql.cj.jdbc.AbandonedConnectionCleanupThread.checkThreadContextClassLoader(AbandonedConnectionCleanupThread.java:123)
		at com.mysql.cj.jdbc.AbandonedConnectionCleanupThread.run(AbandonedConnectionCleanupThread.java:90)
		at java.base/java.util.concurrent.ThreadPoolExecutor.runWorker(ThreadPoolExecutor.java:1144)
		at java.base/java.util.concurrent.ThreadPoolExecutor$Worker.run(ThreadPoolExecutor.java:642)
		at java.base/java.lang.Thread.run(Thread.java:1589)
13-Dec-2023 13:41:51.568 INFO [Catalina-utility-1] org.apache.jasper.servlet.TldScanner.scanJars 적어도 하나의 JAR가 TLD들을 찾기 위해 스캔되었으나 아무 것도 찾지 못했습니다. 스캔했으나 TLD가 없는 JAR들의 전체 목록을 보시려면, 로그 레벨을 디버그 레벨로 설정하십시오. 스캔 과정에서 불필요한 JAR들을 건너뛰면, 시스템 시작 시간과 JSP 컴파일 시간을 단축시킬 수 있습니다.
13-Dec-2023 13:41:51.572 INFO [Catalina-utility-1] org.apache.catalina.core.StandardContext.reload 이름이 []인 컨텍스트를 다시 로드하는 것을 완료했습니다.
13-Dec-2023 13:45:40.833 INFO [Catalina-utility-1] org.apache.catalina.core.StandardContext.reload 이름이 []인 컨텍스트를 다시 로드하는 작업이 시작되었습니다.
13-Dec-2023 13:45:41.792 INFO [Catalina-utility-1] org.apache.jasper.servlet.TldScanner.scanJars 적어도 하나의 JAR가 TLD들을 찾기 위해 스캔되었으나 아무 것도 찾지 못했습니다. 스캔했으나 TLD가 없는 JAR들의 전체 목록을 보시려면, 로그 레벨을 디버그 레벨로 설정하십시오. 스캔 과정에서 불필요한 JAR들을 건너뛰면, 시스템 시작 시간과 JSP 컴파일 시간을 단축시킬 수 있습니다.
13-Dec-2023 13:45:41.796 INFO [Catalina-utility-1] org.apache.catalina.core.StandardContext.reload 이름이 []인 컨텍스트를 다시 로드하는 것을 완료했습니다.
13-Dec-2023 13:46:44.178 INFO [Catalina-utility-2] org.apache.catalina.core.StandardContext.reload 이름이 []인 컨텍스트를 다시 로드하는 작업이 시작되었습니다.
13-Dec-2023 13:46:44.942 INFO [Catalina-utility-2] org.apache.jasper.servlet.TldScanner.scanJars 적어도 하나의 JAR가 TLD들을 찾기 위해 스캔되었으나 아무 것도 찾지 못했습니다. 스캔했으나 TLD가 없는 JAR들의 전체 목록을 보시려면, 로그 레벨을 디버그 레벨로 설정하십시오. 스캔 과정에서 불필요한 JAR들을 건너뛰면, 시스템 시작 시간과 JSP 컴파일 시간을 단축시킬 수 있습니다.
13-Dec-2023 13:46:44.945 INFO [Catalina-utility-2] org.apache.catalina.core.StandardContext.reload 이름이 []인 컨텍스트를 다시 로드하는 것을 완료했습니다.
13-Dec-2023 13:47:05.720 INFO [Catalina-utility-1] org.apache.catalina.core.StandardContext.reload 이름이 []인 컨텍스트를 다시 로드하는 작업이 시작되었습니다.
13-Dec-2023 13:47:06.685 INFO [Catalina-utility-1] org.apache.jasper.servlet.TldScanner.scanJars 적어도 하나의 JAR가 TLD들을 찾기 위해 스캔되었으나 아무 것도 찾지 못했습니다. 스캔했으나 TLD가 없는 JAR들의 전체 목록을 보시려면, 로그 레벨을 디버그 레벨로 설정하십시오. 스캔 과정에서 불필요한 JAR들을 건너뛰면, 시스템 시작 시간과 JSP 컴파일 시간을 단축시킬 수 있습니다.
13-Dec-2023 13:47:06.689 INFO [Catalina-utility-1] org.apache.catalina.core.StandardContext.reload 이름이 []인 컨텍스트를 다시 로드하는 것을 완료했습니다.
13-Dec-2023 13:48:08.646 INFO [Catalina-utility-1] org.apache.catalina.core.StandardContext.reload 이름이 []인 컨텍스트를 다시 로드하는 작업이 시작되었습니다.
13-Dec-2023 13:48:09.431 INFO [Catalina-utility-1] org.apache.jasper.servlet.TldScanner.scanJars 적어도 하나의 JAR가 TLD들을 찾기 위해 스캔되었으나 아무 것도 찾지 못했습니다. 스캔했으나 TLD가 없는 JAR들의 전체 목록을 보시려면, 로그 레벨을 디버그 레벨로 설정하십시오. 스캔 과정에서 불필요한 JAR들을 건너뛰면, 시스템 시작 시간과 JSP 컴파일 시간을 단축시킬 수 있습니다.
13-Dec-2023 13:48:09.434 INFO [Catalina-utility-1] org.apache.catalina.core.StandardContext.reload 이름이 []인 컨텍스트를 다시 로드하는 것을 완료했습니다.
13-Dec-2023 13:49:00.676 INFO [Thread-1] org.apache.coyote.AbstractProtocol.pause 프로토콜 핸들러 ["http-nio-8081"]을(를) 일시 정지 중
13-Dec-2023 13:49:00.684 INFO [Thread-1] org.apache.catalina.core.StandardService.stopInternal 서비스 [Catalina]을(를) 중지시킵니다.
13-Dec-2023 13:49:00.688 INFO [Thread-1] org.apache.coyote.AbstractProtocol.stop 프로토콜 핸들러 ["http-nio-8081"]을(를) 중지시킵니다.
13-Dec-2023 13:49:00.693 INFO [Thread-1] org.apache.coyote.AbstractProtocol.destroy 프로토콜 핸들러 ["http-nio-8081"]을(를) 소멸시킵니다.
13-Dec-2023 13:49:03.822 INFO [main] org.apache.catalina.startup.VersionLoggerListener.log 서버 버전 이름:    Apache Tomcat/10.1.16
13-Dec-2023 13:49:03.825 INFO [main] org.apache.catalina.startup.VersionLoggerListener.log Server 빌드 시각:  Nov 10 2023 16:17:33 UTC
13-Dec-2023 13:49:03.825 INFO [main] org.apache.catalina.startup.VersionLoggerListener.log Server 버전 번호:  10.1.16.0
13-Dec-2023 13:49:03.825 INFO [main] org.apache.catalina.startup.VersionLoggerListener.log 운영체제 이름:     Windows 10
13-Dec-2023 13:49:03.825 INFO [main] org.apache.catalina.startup.VersionLoggerListener.log 운영체제 버전:     10.0
13-Dec-2023 13:49:03.825 INFO [main] org.apache.catalina.startup.VersionLoggerListener.log 아키텍처:          amd64
13-Dec-2023 13:49:03.826 INFO [main] org.apache.catalina.startup.VersionLoggerListener.log 자바 홈:           C:\Users\user\.jdks\openjdk-19
13-Dec-2023 13:49:03.826 INFO [main] org.apache.catalina.startup.VersionLoggerListener.log JVM 버전:          19+36-2238
13-Dec-2023 13:49:03.826 INFO [main] org.apache.catalina.startup.VersionLoggerListener.log JVM 벤더:          Oracle Corporation
13-Dec-2023 13:49:03.826 INFO [main] org.apache.catalina.startup.VersionLoggerListener.log CATALINA_BASE:     C:\Users\user\Desktop\youtube 강의\jsp_projects\JSP_Board
13-Dec-2023 13:49:03.826 INFO [main] org.apache.catalina.startup.VersionLoggerListener.log CATALINA_HOME:     C:\Users\user\Desktop\youtube 강의\apache-tomcat-10.1.16
13-Dec-2023 13:49:03.836 INFO [main] org.apache.catalina.startup.VersionLoggerListener.log 명령 행 아규먼트:  --add-opens=java.base/java.lang=ALL-UNNAMED
13-Dec-2023 13:49:03.836 INFO [main] org.apache.catalina.startup.VersionLoggerListener.log 명령 행 아규먼트:  --add-opens=java.base/java.io=ALL-UNNAMED
13-Dec-2023 13:49:03.836 INFO [main] org.apache.catalina.startup.VersionLoggerListener.log 명령 행 아규먼트:  --add-opens=java.base/java.util=ALL-UNNAMED
13-Dec-2023 13:49:03.836 INFO [main] org.apache.catalina.startup.VersionLoggerListener.log 명령 행 아규먼트:  --add-opens=java.base/java.util.concurrent=ALL-UNNAMED
13-Dec-2023 13:49:03.836 INFO [main] org.apache.catalina.startup.VersionLoggerListener.log 명령 행 아규먼트:  --add-opens=java.rmi/sun.rmi.transport=ALL-UNNAMED
13-Dec-2023 13:49:03.836 INFO [main] org.apache.catalina.startup.VersionLoggerListener.log 명령 행 아규먼트:  -Dcatalina.home=C:\Users\user\Desktop\youtube 강의\apache-tomcat-10.1.16
13-Dec-2023 13:49:03.836 INFO [main] org.apache.catalina.startup.VersionLoggerListener.log 명령 행 아규먼트:  -Dcatalina.base=C:\Users\user\Desktop\youtube 강의\jsp_projects\JSP_Board
13-Dec-2023 13:49:03.836 INFO [main] org.apache.catalina.startup.VersionLoggerListener.log 명령 행 아규먼트:  -Djava.io.tmpdir=C:\Users\user\Desktop\youtube 강의\jsp_projects\JSP_Board\temp
13-Dec-2023 13:49:03.837 INFO [main] org.apache.catalina.startup.VersionLoggerListener.log 명령 행 아규먼트:  -Djava.util.logging.config.file=C:\Users\user\Desktop\youtube 강의\jsp_projects\JSP_Board\conf\logging.properties
13-Dec-2023 13:49:03.837 INFO [main] org.apache.catalina.startup.VersionLoggerListener.log 명령 행 아규먼트:  -Djava.util.logging.manager=org.apache.juli.ClassLoaderLogManager
13-Dec-2023 13:49:03.837 INFO [main] org.apache.catalina.startup.VersionLoggerListener.log 명령 행 아규먼트:  -javaagent:C:\Program Files\JetBrains\IntelliJ IDEA Community Edition 2023.1.2\lib\idea_rt.jar=60678:C:\Program Files\JetBrains\IntelliJ IDEA Community Edition 2023.1.2\bin
13-Dec-2023 13:49:03.837 INFO [main] org.apache.catalina.startup.VersionLoggerListener.log 명령 행 아규먼트:  -Dfile.encoding=UTF-8
13-Dec-2023 13:49:03.837 INFO [main] org.apache.catalina.startup.VersionLoggerListener.log 명령 행 아규먼트:  -Dsun.stdout.encoding=UTF-8
13-Dec-2023 13:49:03.837 INFO [main] org.apache.catalina.startup.VersionLoggerListener.log 명령 행 아규먼트:  -Dsun.stderr.encoding=UTF-8
13-Dec-2023 13:49:03.840 INFO [main] org.apache.catalina.core.AprLifecycleListener.lifecycleEvent APR 버전 [1.7.4]을(를) 사용한, APR 기반 Apache Tomcat Native 라이브러리 [2.0.6]을(를) 로드했습니다.
13-Dec-2023 13:49:03.849 INFO [main] org.apache.catalina.core.AprLifecycleListener.initializeSSL OpenSSL이 성공적으로 초기화되었습니다: [OpenSSL 3.0.11 19 Sep 2023]
13-Dec-2023 13:49:04.134 INFO [main] org.apache.coyote.AbstractProtocol.init 프로토콜 핸들러 ["http-nio-8081"]을(를) 초기화합니다.
13-Dec-2023 13:49:04.154 INFO [main] org.apache.catalina.startup.Catalina.load [559] 밀리초 내에 서버가 초기화되었습니다.
13-Dec-2023 13:49:04.243 INFO [main] org.apache.catalina.core.StandardService.startInternal 서비스 [Catalina]을(를) 시작합니다.
13-Dec-2023 13:49:04.243 INFO [main] org.apache.catalina.core.StandardEngine.startInternal 서버 엔진을 시작합니다: [Apache Tomcat/10.1.16]
13-Dec-2023 13:49:04.260 INFO [main] org.apache.catalina.startup.HostConfig.deployDescriptor 배치 descriptor [C:\Users\user\Desktop\youtube 강의\jsp_projects\JSP_Board\conf\Catalina\localhost\ROOT.xml]을(를) 배치합니다.
13-Dec-2023 13:49:05.721 INFO [main] org.apache.jasper.servlet.TldScanner.scanJars 적어도 하나의 JAR가 TLD들을 찾기 위해 스캔되었으나 아무 것도 찾지 못했습니다. 스캔했으나 TLD가 없는 JAR들의 전체 목록을 보시려면, 로그 레벨을 디버그 레벨로 설정하십시오. 스캔 과정에서 불필요한 JAR들을 건너뛰면, 시스템 시작 시간과 JSP 컴파일 시간을 단축시킬 수 있습니다.
13-Dec-2023 13:49:05.836 INFO [main] org.apache.catalina.startup.HostConfig.deployDescriptor 배치 descriptor [C:\Users\user\Desktop\youtube 강의\jsp_projects\JSP_Board\conf\Catalina\localhost\ROOT.xml]의 배치가 [1,573] 밀리초 내에 완료되었습니다.
13-Dec-2023 13:49:05.841 INFO [main] org.apache.coyote.AbstractProtocol.start 프로토콜 핸들러 ["http-nio-8081"]을(를) 시작합니다.
13-Dec-2023 13:49:05.934 INFO [main] org.apache.catalina.startup.Catalina.start 서버가 [1778] 밀리초 내에 시작되었습니다.
13-Dec-2023 13:50:00.645 INFO [Thread-1] org.apache.coyote.AbstractProtocol.pause 프로토콜 핸들러 ["http-nio-8081"]을(를) 일시 정지 중
13-Dec-2023 13:50:00.655 INFO [Thread-1] org.apache.catalina.core.StandardService.stopInternal 서비스 [Catalina]을(를) 중지시킵니다.
13-Dec-2023 13:50:00.663 INFO [Thread-1] org.apache.coyote.AbstractProtocol.stop 프로토콜 핸들러 ["http-nio-8081"]을(를) 중지시킵니다.
13-Dec-2023 13:50:00.668 INFO [Thread-1] org.apache.coyote.AbstractProtocol.destroy 프로토콜 핸들러 ["http-nio-8081"]을(를) 소멸시킵니다.
13-Dec-2023 13:50:03.209 INFO [main] org.apache.catalina.startup.VersionLoggerListener.log 서버 버전 이름:    Apache Tomcat/10.1.16
13-Dec-2023 13:50:03.213 INFO [main] org.apache.catalina.startup.VersionLoggerListener.log Server 빌드 시각:  Nov 10 2023 16:17:33 UTC
13-Dec-2023 13:50:03.214 INFO [main] org.apache.catalina.startup.VersionLoggerListener.log Server 버전 번호:  10.1.16.0
13-Dec-2023 13:50:03.214 INFO [main] org.apache.catalina.startup.VersionLoggerListener.log 운영체제 이름:     Windows 10
13-Dec-2023 13:50:03.214 INFO [main] org.apache.catalina.startup.VersionLoggerListener.log 운영체제 버전:     10.0
13-Dec-2023 13:50:03.214 INFO [main] org.apache.catalina.startup.VersionLoggerListener.log 아키텍처:          amd64
13-Dec-2023 13:50:03.214 INFO [main] org.apache.catalina.startup.VersionLoggerListener.log 자바 홈:           C:\Users\user\.jdks\openjdk-19
13-Dec-2023 13:50:03.214 INFO [main] org.apache.catalina.startup.VersionLoggerListener.log JVM 버전:          19+36-2238
13-Dec-2023 13:50:03.214 INFO [main] org.apache.catalina.startup.VersionLoggerListener.log JVM 벤더:          Oracle Corporation
13-Dec-2023 13:50:03.215 INFO [main] org.apache.catalina.startup.VersionLoggerListener.log CATALINA_BASE:     C:\Users\user\Desktop\youtube 강의\jsp_projects\JSP_Board
13-Dec-2023 13:50:03.215 INFO [main] org.apache.catalina.startup.VersionLoggerListener.log CATALINA_HOME:     C:\Users\user\Desktop\youtube 강의\apache-tomcat-10.1.16
13-Dec-2023 13:50:03.224 INFO [main] org.apache.catalina.startup.VersionLoggerListener.log 명령 행 아규먼트:  --add-opens=java.base/java.lang=ALL-UNNAMED
13-Dec-2023 13:50:03.224 INFO [main] org.apache.catalina.startup.VersionLoggerListener.log 명령 행 아규먼트:  --add-opens=java.base/java.io=ALL-UNNAMED
13-Dec-2023 13:50:03.224 INFO [main] org.apache.catalina.startup.VersionLoggerListener.log 명령 행 아규먼트:  --add-opens=java.base/java.util=ALL-UNNAMED
13-Dec-2023 13:50:03.225 INFO [main] org.apache.catalina.startup.VersionLoggerListener.log 명령 행 아규먼트:  --add-opens=java.base/java.util.concurrent=ALL-UNNAMED
13-Dec-2023 13:50:03.225 INFO [main] org.apache.catalina.startup.VersionLoggerListener.log 명령 행 아규먼트:  --add-opens=java.rmi/sun.rmi.transport=ALL-UNNAMED
13-Dec-2023 13:50:03.225 INFO [main] org.apache.catalina.startup.VersionLoggerListener.log 명령 행 아규먼트:  -Dcatalina.home=C:\Users\user\Desktop\youtube 강의\apache-tomcat-10.1.16
13-Dec-2023 13:50:03.225 INFO [main] org.apache.catalina.startup.VersionLoggerListener.log 명령 행 아규먼트:  -Dcatalina.base=C:\Users\user\Desktop\youtube 강의\jsp_projects\JSP_Board
13-Dec-2023 13:50:03.225 INFO [main] org.apache.catalina.startup.VersionLoggerListener.log 명령 행 아규먼트:  -Djava.io.tmpdir=C:\Users\user\Desktop\youtube 강의\jsp_projects\JSP_Board\temp
13-Dec-2023 13:50:03.225 INFO [main] org.apache.catalina.startup.VersionLoggerListener.log 명령 행 아규먼트:  -Djava.util.logging.config.file=C:\Users\user\Desktop\youtube 강의\jsp_projects\JSP_Board\conf\logging.properties
13-Dec-2023 13:50:03.225 INFO [main] org.apache.catalina.startup.VersionLoggerListener.log 명령 행 아규먼트:  -Djava.util.logging.manager=org.apache.juli.ClassLoaderLogManager
13-Dec-2023 13:50:03.226 INFO [main] org.apache.catalina.startup.VersionLoggerListener.log 명령 행 아규먼트:  -javaagent:C:\Program Files\JetBrains\IntelliJ IDEA Community Edition 2023.1.2\lib\idea_rt.jar=60693:C:\Program Files\JetBrains\IntelliJ IDEA Community Edition 2023.1.2\bin
13-Dec-2023 13:50:03.226 INFO [main] org.apache.catalina.startup.VersionLoggerListener.log 명령 행 아규먼트:  -Dfile.encoding=UTF-8
13-Dec-2023 13:50:03.226 INFO [main] org.apache.catalina.startup.VersionLoggerListener.log 명령 행 아규먼트:  -Dsun.stdout.encoding=UTF-8
13-Dec-2023 13:50:03.226 INFO [main] org.apache.catalina.startup.VersionLoggerListener.log 명령 행 아규먼트:  -Dsun.stderr.encoding=UTF-8
13-Dec-2023 13:50:03.230 INFO [main] org.apache.catalina.core.AprLifecycleListener.lifecycleEvent APR 버전 [1.7.4]을(를) 사용한, APR 기반 Apache Tomcat Native 라이브러리 [2.0.6]을(를) 로드했습니다.
13-Dec-2023 13:50:03.238 INFO [main] org.apache.catalina.core.AprLifecycleListener.initializeSSL OpenSSL이 성공적으로 초기화되었습니다: [OpenSSL 3.0.11 19 Sep 2023]
13-Dec-2023 13:50:03.539 INFO [main] org.apache.coyote.AbstractProtocol.init 프로토콜 핸들러 ["http-nio-8081"]을(를) 초기화합니다.
13-Dec-2023 13:50:03.559 INFO [main] org.apache.catalina.startup.Catalina.load [569] 밀리초 내에 서버가 초기화되었습니다.
13-Dec-2023 13:50:03.608 INFO [main] org.apache.catalina.core.StandardService.startInternal 서비스 [Catalina]을(를) 시작합니다.
13-Dec-2023 13:50:03.609 INFO [main] org.apache.catalina.core.StandardEngine.startInternal 서버 엔진을 시작합니다: [Apache Tomcat/10.1.16]
13-Dec-2023 13:50:03.627 INFO [main] org.apache.catalina.startup.HostConfig.deployDescriptor 배치 descriptor [C:\Users\user\Desktop\youtube 강의\jsp_projects\JSP_Board\conf\Catalina\localhost\ROOT.xml]을(를) 배치합니다.
13-Dec-2023 13:50:05.158 INFO [main] org.apache.jasper.servlet.TldScanner.scanJars 적어도 하나의 JAR가 TLD들을 찾기 위해 스캔되었으나 아무 것도 찾지 못했습니다. 스캔했으나 TLD가 없는 JAR들의 전체 목록을 보시려면, 로그 레벨을 디버그 레벨로 설정하십시오. 스캔 과정에서 불필요한 JAR들을 건너뛰면, 시스템 시작 시간과 JSP 컴파일 시간을 단축시킬 수 있습니다.
13-Dec-2023 13:50:05.277 INFO [main] org.apache.catalina.startup.HostConfig.deployDescriptor 배치 descriptor [C:\Users\user\Desktop\youtube 강의\jsp_projects\JSP_Board\conf\Catalina\localhost\ROOT.xml]의 배치가 [1,647] 밀리초 내에 완료되었습니다.
13-Dec-2023 13:50:05.283 INFO [main] org.apache.coyote.AbstractProtocol.start 프로토콜 핸들러 ["http-nio-8081"]을(를) 시작합니다.
13-Dec-2023 13:50:05.358 INFO [main] org.apache.catalina.startup.Catalina.start 서버가 [1798] 밀리초 내에 시작되었습니다.
