19-Dec-2023 13:48:44.744 INFO [main] org.apache.catalina.startup.VersionLoggerListener.log 서버 버전 이름:    Apache Tomcat/10.1.16
19-Dec-2023 13:48:44.747 INFO [main] org.apache.catalina.startup.VersionLoggerListener.log Server 빌드 시각:  Nov 10 2023 16:17:33 UTC
19-Dec-2023 13:48:44.748 INFO [main] org.apache.catalina.startup.VersionLoggerListener.log Server 버전 번호:  10.1.16.0
19-Dec-2023 13:48:44.748 INFO [main] org.apache.catalina.startup.VersionLoggerListener.log 운영체제 이름:     Windows 10
19-Dec-2023 13:48:44.748 INFO [main] org.apache.catalina.startup.VersionLoggerListener.log 운영체제 버전:     10.0
19-Dec-2023 13:48:44.748 INFO [main] org.apache.catalina.startup.VersionLoggerListener.log 아키텍처:          amd64
19-Dec-2023 13:48:44.748 INFO [main] org.apache.catalina.startup.VersionLoggerListener.log 자바 홈:           C:\Users\user\.jdks\openjdk-19
19-Dec-2023 13:48:44.748 INFO [main] org.apache.catalina.startup.VersionLoggerListener.log JVM 버전:          19+36-2238
19-Dec-2023 13:48:44.748 INFO [main] org.apache.catalina.startup.VersionLoggerListener.log JVM 벤더:          Oracle Corporation
19-Dec-2023 13:48:44.748 INFO [main] org.apache.catalina.startup.VersionLoggerListener.log CATALINA_BASE:     C:\Users\user\Desktop\youtube 강의\jsp_projects\JSP_Board
19-Dec-2023 13:48:44.748 INFO [main] org.apache.catalina.startup.VersionLoggerListener.log CATALINA_HOME:     C:\Users\user\Desktop\youtube 강의\apache-tomcat-10.1.16
19-Dec-2023 13:48:44.758 INFO [main] org.apache.catalina.startup.VersionLoggerListener.log 명령 행 아규먼트:  --add-opens=java.base/java.lang=ALL-UNNAMED
19-Dec-2023 13:48:44.758 INFO [main] org.apache.catalina.startup.VersionLoggerListener.log 명령 행 아규먼트:  --add-opens=java.base/java.io=ALL-UNNAMED
19-Dec-2023 13:48:44.758 INFO [main] org.apache.catalina.startup.VersionLoggerListener.log 명령 행 아규먼트:  --add-opens=java.base/java.util=ALL-UNNAMED
19-Dec-2023 13:48:44.758 INFO [main] org.apache.catalina.startup.VersionLoggerListener.log 명령 행 아규먼트:  --add-opens=java.base/java.util.concurrent=ALL-UNNAMED
19-Dec-2023 13:48:44.759 INFO [main] org.apache.catalina.startup.VersionLoggerListener.log 명령 행 아규먼트:  --add-opens=java.rmi/sun.rmi.transport=ALL-UNNAMED
19-Dec-2023 13:48:44.759 INFO [main] org.apache.catalina.startup.VersionLoggerListener.log 명령 행 아규먼트:  -Dcatalina.home=C:\Users\user\Desktop\youtube 강의\apache-tomcat-10.1.16
19-Dec-2023 13:48:44.759 INFO [main] org.apache.catalina.startup.VersionLoggerListener.log 명령 행 아규먼트:  -Dcatalina.base=C:\Users\user\Desktop\youtube 강의\jsp_projects\JSP_Board
19-Dec-2023 13:48:44.759 INFO [main] org.apache.catalina.startup.VersionLoggerListener.log 명령 행 아규먼트:  -Djava.io.tmpdir=C:\Users\user\Desktop\youtube 강의\jsp_projects\JSP_Board\temp
19-Dec-2023 13:48:44.759 INFO [main] org.apache.catalina.startup.VersionLoggerListener.log 명령 행 아규먼트:  -Djava.util.logging.config.file=C:\Users\user\Desktop\youtube 강의\jsp_projects\JSP_Board\conf\logging.properties
19-Dec-2023 13:48:44.759 INFO [main] org.apache.catalina.startup.VersionLoggerListener.log 명령 행 아규먼트:  -Djava.util.logging.manager=org.apache.juli.ClassLoaderLogManager
19-Dec-2023 13:48:44.759 INFO [main] org.apache.catalina.startup.VersionLoggerListener.log 명령 행 아규먼트:  -javaagent:C:\Program Files\JetBrains\IntelliJ IDEA Community Edition 2023.1.2\lib\idea_rt.jar=50616:C:\Program Files\JetBrains\IntelliJ IDEA Community Edition 2023.1.2\bin
19-Dec-2023 13:48:44.759 INFO [main] org.apache.catalina.startup.VersionLoggerListener.log 명령 행 아규먼트:  -Dfile.encoding=UTF-8
19-Dec-2023 13:48:44.759 INFO [main] org.apache.catalina.startup.VersionLoggerListener.log 명령 행 아규먼트:  -Dsun.stdout.encoding=UTF-8
19-Dec-2023 13:48:44.759 INFO [main] org.apache.catalina.startup.VersionLoggerListener.log 명령 행 아규먼트:  -Dsun.stderr.encoding=UTF-8
19-Dec-2023 13:48:44.766 INFO [main] org.apache.catalina.core.AprLifecycleListener.lifecycleEvent APR 버전 [1.7.4]을(를) 사용한, APR 기반 Apache Tomcat Native 라이브러리 [2.0.6]을(를) 로드했습니다.
19-Dec-2023 13:48:44.783 INFO [main] org.apache.catalina.core.AprLifecycleListener.initializeSSL OpenSSL이 성공적으로 초기화되었습니다: [OpenSSL 3.0.11 19 Sep 2023]
19-Dec-2023 13:48:45.038 INFO [main] org.apache.coyote.AbstractProtocol.init 프로토콜 핸들러 ["http-nio-8081"]을(를) 초기화합니다.
19-Dec-2023 13:48:45.061 INFO [main] org.apache.catalina.startup.Catalina.load [538] 밀리초 내에 서버가 초기화되었습니다.
19-Dec-2023 13:48:45.112 INFO [main] org.apache.catalina.core.StandardService.startInternal 서비스 [Catalina]을(를) 시작합니다.
19-Dec-2023 13:48:45.112 INFO [main] org.apache.catalina.core.StandardEngine.startInternal 서버 엔진을 시작합니다: [Apache Tomcat/10.1.16]
19-Dec-2023 13:48:45.126 INFO [main] org.apache.catalina.startup.HostConfig.deployDescriptor 배치 descriptor [C:\Users\user\Desktop\youtube 강의\jsp_projects\JSP_Board\conf\Catalina\localhost\ROOT.xml]을(를) 배치합니다.
19-Dec-2023 13:48:46.466 INFO [main] org.apache.jasper.servlet.TldScanner.scanJars 적어도 하나의 JAR가 TLD들을 찾기 위해 스캔되었으나 아무 것도 찾지 못했습니다. 스캔했으나 TLD가 없는 JAR들의 전체 목록을 보시려면, 로그 레벨을 디버그 레벨로 설정하십시오. 스캔 과정에서 불필요한 JAR들을 건너뛰면, 시스템 시작 시간과 JSP 컴파일 시간을 단축시킬 수 있습니다.
19-Dec-2023 13:48:46.590 INFO [main] org.apache.catalina.startup.HostConfig.deployDescriptor 배치 descriptor [C:\Users\user\Desktop\youtube 강의\jsp_projects\JSP_Board\conf\Catalina\localhost\ROOT.xml]의 배치가 [1,461] 밀리초 내에 완료되었습니다.
19-Dec-2023 13:48:46.594 INFO [main] org.apache.coyote.AbstractProtocol.start 프로토콜 핸들러 ["http-nio-8081"]을(를) 시작합니다.
19-Dec-2023 13:48:46.670 INFO [main] org.apache.catalina.startup.Catalina.start 서버가 [1607] 밀리초 내에 시작되었습니다.
19-Dec-2023 13:51:45.499 INFO [http-nio-8081-exec-7] org.apache.coyote.http11.Http11Processor.service HTTP 요청 헤더를 파싱하는 중 오류 발생
 비고: HTTP 요청 파싱 오류들이 더 발생하는 경우 DEBUG 레벨 로그로 기록될 것입니다.
	java.lang.IllegalArgumentException: 요청 타겟에서 유효하지 않은 문자가 발견되었습니다. 유효한 문자들은 RFC 7230과 RFC 3986에 정의되어 있습니다.
		at org.apache.coyote.http11.Http11InputBuffer.parseRequestLine(Http11InputBuffer.java:482)
		at org.apache.coyote.http11.Http11Processor.service(Http11Processor.java:264)
		at org.apache.coyote.AbstractProcessorLight.process(AbstractProcessorLight.java:63)
		at org.apache.coyote.AbstractProtocol$ConnectionHandler.process(AbstractProtocol.java:896)
		at org.apache.tomcat.util.net.NioEndpoint$SocketProcessor.doRun(NioEndpoint.java:1744)
		at org.apache.tomcat.util.net.SocketProcessorBase.run(SocketProcessorBase.java:52)
		at org.apache.tomcat.util.threads.ThreadPoolExecutor.runWorker(ThreadPoolExecutor.java:1191)
		at org.apache.tomcat.util.threads.ThreadPoolExecutor$Worker.run(ThreadPoolExecutor.java:659)
		at org.apache.tomcat.util.threads.TaskThread$WrappingRunnable.run(TaskThread.java:61)
		at java.base/java.lang.Thread.run(Thread.java:1589)
19-Dec-2023 13:53:16.107 INFO [Thread-1] org.apache.coyote.AbstractProtocol.pause 프로토콜 핸들러 ["http-nio-8081"]을(를) 일시 정지 중
19-Dec-2023 13:53:16.114 INFO [Thread-1] org.apache.catalina.core.StandardService.stopInternal 서비스 [Catalina]을(를) 중지시킵니다.
19-Dec-2023 13:53:16.119 WARNING [Thread-1] org.apache.catalina.loader.WebappClassLoaderBase.clearReferencesJdbc 웹 애플리케이션 [ROOT]이(가) JDBC 드라이버 [com.mysql.cj.jdbc.Driver]을(를) 등록했지만, 웹 애플리케이션이 중지될 때, 해당 JDBC 드라이버의 등록을 제거하지 못했습니다. 메모리 누수를 방지하기 위하여, 등록을 강제로 제거했습니다.
19-Dec-2023 13:53:16.119 WARNING [Thread-1] org.apache.catalina.loader.WebappClassLoaderBase.clearReferencesThreads 웹 애플리케이션 [ROOT]이(가) [mysql-cj-abandoned-connection-cleanup](이)라는 이름의 쓰레드를 시작시킨 것으로 보이지만, 해당 쓰레드를 중지시키지 못했습니다. 이는 메모리 누수를 유발할 가능성이 큽니다. 해당 쓰레드의 스택 트레이스:
 java.base/jdk.internal.misc.Unsafe.park(Native Method)
 java.base/java.util.concurrent.locks.LockSupport.parkNanos(LockSupport.java:269)
 java.base/java.util.concurrent.locks.AbstractQueuedSynchronizer$ConditionObject.await(AbstractQueuedSynchronizer.java:1759)
 java.base/java.lang.ref.ReferenceQueue.await(ReferenceQueue.java:71)
 java.base/java.lang.ref.ReferenceQueue.remove0(ReferenceQueue.java:143)
 java.base/java.lang.ref.ReferenceQueue.remove(ReferenceQueue.java:218)
 com.mysql.cj.jdbc.AbandonedConnectionCleanupThread.run(AbandonedConnectionCleanupThread.java:91)
 java.base/java.util.concurrent.ThreadPoolExecutor.runWorker(ThreadPoolExecutor.java:1144)
 java.base/java.util.concurrent.ThreadPoolExecutor$Worker.run(ThreadPoolExecutor.java:642)
 java.base/java.lang.Thread.run(Thread.java:1589)
19-Dec-2023 13:53:16.124 INFO [Thread-1] org.apache.coyote.AbstractProtocol.stop 프로토콜 핸들러 ["http-nio-8081"]을(를) 중지시킵니다.
19-Dec-2023 13:53:16.126 INFO [Thread-1] org.apache.coyote.AbstractProtocol.destroy 프로토콜 핸들러 ["http-nio-8081"]을(를) 소멸시킵니다.
19-Dec-2023 13:53:19.932 INFO [main] org.apache.catalina.startup.VersionLoggerListener.log 서버 버전 이름:    Apache Tomcat/10.1.16
19-Dec-2023 13:53:19.936 INFO [main] org.apache.catalina.startup.VersionLoggerListener.log Server 빌드 시각:  Nov 10 2023 16:17:33 UTC
19-Dec-2023 13:53:19.936 INFO [main] org.apache.catalina.startup.VersionLoggerListener.log Server 버전 번호:  10.1.16.0
19-Dec-2023 13:53:19.936 INFO [main] org.apache.catalina.startup.VersionLoggerListener.log 운영체제 이름:     Windows 10
19-Dec-2023 13:53:19.936 INFO [main] org.apache.catalina.startup.VersionLoggerListener.log 운영체제 버전:     10.0
19-Dec-2023 13:53:19.936 INFO [main] org.apache.catalina.startup.VersionLoggerListener.log 아키텍처:          amd64
19-Dec-2023 13:53:19.936 INFO [main] org.apache.catalina.startup.VersionLoggerListener.log 자바 홈:           C:\Users\user\.jdks\openjdk-19
19-Dec-2023 13:53:19.936 INFO [main] org.apache.catalina.startup.VersionLoggerListener.log JVM 버전:          19+36-2238
19-Dec-2023 13:53:19.936 INFO [main] org.apache.catalina.startup.VersionLoggerListener.log JVM 벤더:          Oracle Corporation
19-Dec-2023 13:53:19.936 INFO [main] org.apache.catalina.startup.VersionLoggerListener.log CATALINA_BASE:     C:\Users\user\Desktop\youtube 강의\jsp_projects\JSP_Board
19-Dec-2023 13:53:19.936 INFO [main] org.apache.catalina.startup.VersionLoggerListener.log CATALINA_HOME:     C:\Users\user\Desktop\youtube 강의\apache-tomcat-10.1.16
19-Dec-2023 13:53:19.945 INFO [main] org.apache.catalina.startup.VersionLoggerListener.log 명령 행 아규먼트:  --add-opens=java.base/java.lang=ALL-UNNAMED
19-Dec-2023 13:53:19.946 INFO [main] org.apache.catalina.startup.VersionLoggerListener.log 명령 행 아규먼트:  --add-opens=java.base/java.io=ALL-UNNAMED
19-Dec-2023 13:53:19.946 INFO [main] org.apache.catalina.startup.VersionLoggerListener.log 명령 행 아규먼트:  --add-opens=java.base/java.util=ALL-UNNAMED
19-Dec-2023 13:53:19.946 INFO [main] org.apache.catalina.startup.VersionLoggerListener.log 명령 행 아규먼트:  --add-opens=java.base/java.util.concurrent=ALL-UNNAMED
19-Dec-2023 13:53:19.946 INFO [main] org.apache.catalina.startup.VersionLoggerListener.log 명령 행 아규먼트:  --add-opens=java.rmi/sun.rmi.transport=ALL-UNNAMED
19-Dec-2023 13:53:19.946 INFO [main] org.apache.catalina.startup.VersionLoggerListener.log 명령 행 아규먼트:  -Dcatalina.home=C:\Users\user\Desktop\youtube 강의\apache-tomcat-10.1.16
19-Dec-2023 13:53:19.946 INFO [main] org.apache.catalina.startup.VersionLoggerListener.log 명령 행 아규먼트:  -Dcatalina.base=C:\Users\user\Desktop\youtube 강의\jsp_projects\JSP_Board
19-Dec-2023 13:53:19.946 INFO [main] org.apache.catalina.startup.VersionLoggerListener.log 명령 행 아규먼트:  -Djava.io.tmpdir=C:\Users\user\Desktop\youtube 강의\jsp_projects\JSP_Board\temp
19-Dec-2023 13:53:19.946 INFO [main] org.apache.catalina.startup.VersionLoggerListener.log 명령 행 아규먼트:  -Djava.util.logging.config.file=C:\Users\user\Desktop\youtube 강의\jsp_projects\JSP_Board\conf\logging.properties
19-Dec-2023 13:53:19.946 INFO [main] org.apache.catalina.startup.VersionLoggerListener.log 명령 행 아규먼트:  -Djava.util.logging.manager=org.apache.juli.ClassLoaderLogManager
19-Dec-2023 13:53:19.946 INFO [main] org.apache.catalina.startup.VersionLoggerListener.log 명령 행 아규먼트:  -javaagent:C:\Program Files\JetBrains\IntelliJ IDEA Community Edition 2023.1.2\lib\idea_rt.jar=50682:C:\Program Files\JetBrains\IntelliJ IDEA Community Edition 2023.1.2\bin
19-Dec-2023 13:53:19.946 INFO [main] org.apache.catalina.startup.VersionLoggerListener.log 명령 행 아규먼트:  -Dfile.encoding=UTF-8
19-Dec-2023 13:53:19.946 INFO [main] org.apache.catalina.startup.VersionLoggerListener.log 명령 행 아규먼트:  -Dsun.stdout.encoding=UTF-8
19-Dec-2023 13:53:19.947 INFO [main] org.apache.catalina.startup.VersionLoggerListener.log 명령 행 아규먼트:  -Dsun.stderr.encoding=UTF-8
19-Dec-2023 13:53:19.950 INFO [main] org.apache.catalina.core.AprLifecycleListener.lifecycleEvent APR 버전 [1.7.4]을(를) 사용한, APR 기반 Apache Tomcat Native 라이브러리 [2.0.6]을(를) 로드했습니다.
19-Dec-2023 13:53:19.958 INFO [main] org.apache.catalina.core.AprLifecycleListener.initializeSSL OpenSSL이 성공적으로 초기화되었습니다: [OpenSSL 3.0.11 19 Sep 2023]
19-Dec-2023 13:53:20.240 INFO [main] org.apache.coyote.AbstractProtocol.init 프로토콜 핸들러 ["http-nio-8081"]을(를) 초기화합니다.
19-Dec-2023 13:53:20.260 INFO [main] org.apache.catalina.startup.Catalina.load [579] 밀리초 내에 서버가 초기화되었습니다.
19-Dec-2023 13:53:20.311 INFO [main] org.apache.catalina.core.StandardService.startInternal 서비스 [Catalina]을(를) 시작합니다.
19-Dec-2023 13:53:20.311 INFO [main] org.apache.catalina.core.StandardEngine.startInternal 서버 엔진을 시작합니다: [Apache Tomcat/10.1.16]
19-Dec-2023 13:53:20.326 INFO [main] org.apache.catalina.startup.HostConfig.deployDescriptor 배치 descriptor [C:\Users\user\Desktop\youtube 강의\jsp_projects\JSP_Board\conf\Catalina\localhost\ROOT.xml]을(를) 배치합니다.
19-Dec-2023 13:53:21.642 INFO [main] org.apache.jasper.servlet.TldScanner.scanJars 적어도 하나의 JAR가 TLD들을 찾기 위해 스캔되었으나 아무 것도 찾지 못했습니다. 스캔했으나 TLD가 없는 JAR들의 전체 목록을 보시려면, 로그 레벨을 디버그 레벨로 설정하십시오. 스캔 과정에서 불필요한 JAR들을 건너뛰면, 시스템 시작 시간과 JSP 컴파일 시간을 단축시킬 수 있습니다.
19-Dec-2023 13:53:21.738 INFO [main] org.apache.catalina.startup.HostConfig.deployDescriptor 배치 descriptor [C:\Users\user\Desktop\youtube 강의\jsp_projects\JSP_Board\conf\Catalina\localhost\ROOT.xml]의 배치가 [1,409] 밀리초 내에 완료되었습니다.
19-Dec-2023 13:53:21.741 INFO [main] org.apache.coyote.AbstractProtocol.start 프로토콜 핸들러 ["http-nio-8081"]을(를) 시작합니다.
19-Dec-2023 13:53:21.806 INFO [main] org.apache.catalina.startup.Catalina.start 서버가 [1545] 밀리초 내에 시작되었습니다.
19-Dec-2023 14:12:09.938 INFO [Catalina-utility-1] org.apache.catalina.core.StandardContext.reload 이름이 []인 컨텍스트를 다시 로드하는 작업이 시작되었습니다.
19-Dec-2023 14:12:09.941 WARNING [Catalina-utility-1] org.apache.catalina.loader.WebappClassLoaderBase.clearReferencesJdbc 웹 애플리케이션 [ROOT]이(가) JDBC 드라이버 [com.mysql.cj.jdbc.Driver]을(를) 등록했지만, 웹 애플리케이션이 중지될 때, 해당 JDBC 드라이버의 등록을 제거하지 못했습니다. 메모리 누수를 방지하기 위하여, 등록을 강제로 제거했습니다.
19-Dec-2023 14:12:09.942 WARNING [Catalina-utility-1] org.apache.catalina.loader.WebappClassLoaderBase.clearReferencesThreads 웹 애플리케이션 [ROOT]이(가) [mysql-cj-abandoned-connection-cleanup](이)라는 이름의 쓰레드를 시작시킨 것으로 보이지만, 해당 쓰레드를 중지시키지 못했습니다. 이는 메모리 누수를 유발할 가능성이 큽니다. 해당 쓰레드의 스택 트레이스:
 java.base/jdk.internal.misc.Unsafe.park(Native Method)
 java.base/java.util.concurrent.locks.LockSupport.parkNanos(LockSupport.java:269)
 java.base/java.util.concurrent.locks.AbstractQueuedSynchronizer$ConditionObject.await(AbstractQueuedSynchronizer.java:1759)
 java.base/java.lang.ref.ReferenceQueue.await(ReferenceQueue.java:71)
 java.base/java.lang.ref.ReferenceQueue.remove0(ReferenceQueue.java:143)
 java.base/java.lang.ref.ReferenceQueue.remove(ReferenceQueue.java:218)
 com.mysql.cj.jdbc.AbandonedConnectionCleanupThread.run(AbandonedConnectionCleanupThread.java:91)
 java.base/java.util.concurrent.ThreadPoolExecutor.runWorker(ThreadPoolExecutor.java:1144)
 java.base/java.util.concurrent.ThreadPoolExecutor$Worker.run(ThreadPoolExecutor.java:642)
 java.base/java.lang.Thread.run(Thread.java:1589)
19-Dec-2023 14:12:10.697 INFO [Catalina-utility-1] org.apache.jasper.servlet.TldScanner.scanJars 적어도 하나의 JAR가 TLD들을 찾기 위해 스캔되었으나 아무 것도 찾지 못했습니다. 스캔했으나 TLD가 없는 JAR들의 전체 목록을 보시려면, 로그 레벨을 디버그 레벨로 설정하십시오. 스캔 과정에서 불필요한 JAR들을 건너뛰면, 시스템 시작 시간과 JSP 컴파일 시간을 단축시킬 수 있습니다.
19-Dec-2023 14:12:10.700 INFO [Catalina-utility-1] org.apache.catalina.core.StandardContext.reload 이름이 []인 컨텍스트를 다시 로드하는 것을 완료했습니다.
19-Dec-2023 14:12:14.024 INFO [mysql-cj-abandoned-connection-cleanup] org.apache.catalina.loader.WebappClassLoaderBase.checkStateForResourceLoading 불허되는 접근: 이 웹 애플리케이션 인스턴스는 이미 중지되었습니다. []을(를) 로드할 수 없습니다. 디버그 목적 및 불허되는 접근을 발생시킨 해당 쓰레드를 종료시키기 위한 시도로서, 다음 스택 트레이스가 생성됩니다.
	java.lang.IllegalStateException: 불허되는 접근: 이 웹 애플리케이션 인스턴스는 이미 중지되었습니다. []을(를) 로드할 수 없습니다. 디버그 목적 및 불허되는 접근을 발생시킨 해당 쓰레드를 종료시키기 위한 시도로서, 다음 스택 트레이스가 생성됩니다.
		at org.apache.catalina.loader.WebappClassLoaderBase.checkStateForResourceLoading(WebappClassLoaderBase.java:1373)
		at org.apache.catalina.loader.WebappClassLoaderBase.getResource(WebappClassLoaderBase.java:971)
		at com.mysql.cj.jdbc.AbandonedConnectionCleanupThread.checkThreadContextClassLoader(AbandonedConnectionCleanupThread.java:123)
		at com.mysql.cj.jdbc.AbandonedConnectionCleanupThread.run(AbandonedConnectionCleanupThread.java:90)
		at java.base/java.util.concurrent.ThreadPoolExecutor.runWorker(ThreadPoolExecutor.java:1144)
		at java.base/java.util.concurrent.ThreadPoolExecutor$Worker.run(ThreadPoolExecutor.java:642)
		at java.base/java.lang.Thread.run(Thread.java:1589)
19-Dec-2023 14:13:33.340 INFO [Catalina-utility-1] org.apache.catalina.core.StandardContext.reload 이름이 []인 컨텍스트를 다시 로드하는 작업이 시작되었습니다.
19-Dec-2023 14:13:34.047 INFO [Catalina-utility-1] org.apache.jasper.servlet.TldScanner.scanJars 적어도 하나의 JAR가 TLD들을 찾기 위해 스캔되었으나 아무 것도 찾지 못했습니다. 스캔했으나 TLD가 없는 JAR들의 전체 목록을 보시려면, 로그 레벨을 디버그 레벨로 설정하십시오. 스캔 과정에서 불필요한 JAR들을 건너뛰면, 시스템 시작 시간과 JSP 컴파일 시간을 단축시킬 수 있습니다.
19-Dec-2023 14:13:34.050 INFO [Catalina-utility-1] org.apache.catalina.core.StandardContext.reload 이름이 []인 컨텍스트를 다시 로드하는 것을 완료했습니다.
19-Dec-2023 14:23:45.326 INFO [Thread-1] org.apache.coyote.AbstractProtocol.pause 프로토콜 핸들러 ["http-nio-8081"]을(를) 일시 정지 중
19-Dec-2023 14:23:45.334 INFO [Thread-1] org.apache.catalina.core.StandardService.stopInternal 서비스 [Catalina]을(를) 중지시킵니다.
19-Dec-2023 14:23:45.337 WARNING [Thread-1] org.apache.catalina.loader.WebappClassLoaderBase.clearReferencesThreads 웹 애플리케이션 [ROOT]이(가) [Catalina-utility-1](이)라는 이름의 쓰레드를 시작시킨 것으로 보이지만, 해당 쓰레드를 중지시키지 못했습니다. 이는 메모리 누수를 유발할 가능성이 큽니다. 해당 쓰레드의 스택 트레이스:
 java.base/java.io.WinNTFileSystem.canonicalize0(Native Method)
 java.base/java.io.WinNTFileSystem.canonicalize(WinNTFileSystem.java:465)
 java.base/java.io.File.getCanonicalPath(File.java:626)
 org.apache.catalina.webresources.AbstractFileResourceSet.file(AbstractFileResourceSet.java:94)
 org.apache.catalina.webresources.DirResourceSet.getResource(DirResourceSet.java:94)
 org.apache.catalina.webresources.StandardRoot.getResourceInternal(StandardRoot.java:272)
 org.apache.catalina.webresources.Cache.getResource(Cache.java:64)
 org.apache.catalina.webresources.StandardRoot.getResource(StandardRoot.java:211)
 org.apache.catalina.webresources.StandardRoot.getClassLoaderResource(StandardRoot.java:220)
 org.apache.catalina.loader.WebappClassLoaderBase.modified(WebappClassLoaderBase.java:678)
 org.apache.catalina.loader.WebappLoader.modified(WebappLoader.java:301)
 org.apache.catalina.loader.WebappLoader.backgroundProcess(WebappLoader.java:249)
 org.apache.catalina.core.StandardContext.backgroundProcess(StandardContext.java:5222)
 org.apache.catalina.core.ContainerBase$ContainerBackgroundProcessor.processChildren(ContainerBase.java:1301)
 org.apache.catalina.core.ContainerBase$ContainerBackgroundProcessor.processChildren(ContainerBase.java:1305)
 org.apache.catalina.core.ContainerBase$ContainerBackgroundProcessor.processChildren(ContainerBase.java:1305)
 org.apache.catalina.core.ContainerBase$ContainerBackgroundProcessor.run(ContainerBase.java:1283)
 java.base/java.util.concurrent.Executors$RunnableAdapter.call(Executors.java:577)
 java.base/java.util.concurrent.FutureTask.runAndReset(FutureTask.java:358)
 java.base/java.util.concurrent.ScheduledThreadPoolExecutor$ScheduledFutureTask.run(ScheduledThreadPoolExecutor.java:305)
 java.base/java.util.concurrent.ThreadPoolExecutor.runWorker(ThreadPoolExecutor.java:1144)
 java.base/java.util.concurrent.ThreadPoolExecutor$Worker.run(ThreadPoolExecutor.java:642)
 org.apache.tomcat.util.threads.TaskThread$WrappingRunnable.run(TaskThread.java:61)
 java.base/java.lang.Thread.run(Thread.java:1589)
19-Dec-2023 14:23:45.338 INFO [Thread-1] org.apache.coyote.AbstractProtocol.stop 프로토콜 핸들러 ["http-nio-8081"]을(를) 중지시킵니다.
19-Dec-2023 14:23:45.339 WARNING [Catalina-utility-1] org.apache.catalina.core.StandardContext.backgroundProcess 로더 [WebappLoader[StandardEngine[Catalina].StandardHost[localhost].StandardContext[]]]을(를) 백그라운드 프로세스로 처리 중 예외 발생
	java.util.ConcurrentModificationException
		at java.base/java.util.ArrayList$Itr.checkForComodification(ArrayList.java:1013)
		at java.base/java.util.ArrayList$Itr.next(ArrayList.java:967)
		at org.apache.catalina.webresources.StandardRoot.getResourceInternal(StandardRoot.java:269)
		at org.apache.catalina.webresources.Cache.getResource(Cache.java:64)
		at org.apache.catalina.webresources.StandardRoot.getResource(StandardRoot.java:211)
		at org.apache.catalina.webresources.StandardRoot.getClassLoaderResource(StandardRoot.java:220)
		at org.apache.catalina.loader.WebappClassLoaderBase.modified(WebappClassLoaderBase.java:678)
		at org.apache.catalina.loader.WebappLoader.modified(WebappLoader.java:301)
		at org.apache.catalina.loader.WebappLoader.backgroundProcess(WebappLoader.java:249)
		at org.apache.catalina.core.StandardContext.backgroundProcess(StandardContext.java:5222)
		at org.apache.catalina.core.ContainerBase$ContainerBackgroundProcessor.processChildren(ContainerBase.java:1301)
		at org.apache.catalina.core.ContainerBase$ContainerBackgroundProcessor.processChildren(ContainerBase.java:1305)
		at org.apache.catalina.core.ContainerBase$ContainerBackgroundProcessor.processChildren(ContainerBase.java:1305)
		at org.apache.catalina.core.ContainerBase$ContainerBackgroundProcessor.run(ContainerBase.java:1283)
		at java.base/java.util.concurrent.Executors$RunnableAdapter.call(Executors.java:577)
		at java.base/java.util.concurrent.FutureTask.runAndReset(FutureTask.java:358)
		at java.base/java.util.concurrent.ScheduledThreadPoolExecutor$ScheduledFutureTask.run(ScheduledThreadPoolExecutor.java:305)
		at java.base/java.util.concurrent.ThreadPoolExecutor.runWorker(ThreadPoolExecutor.java:1144)
		at java.base/java.util.concurrent.ThreadPoolExecutor$Worker.run(ThreadPoolExecutor.java:642)
		at org.apache.tomcat.util.threads.TaskThread$WrappingRunnable.run(TaskThread.java:61)
		at java.base/java.lang.Thread.run(Thread.java:1589)
19-Dec-2023 14:23:45.341 INFO [Thread-1] org.apache.coyote.AbstractProtocol.destroy 프로토콜 핸들러 ["http-nio-8081"]을(를) 소멸시킵니다.
19-Dec-2023 14:23:46.644 INFO [main] org.apache.catalina.startup.VersionLoggerListener.log 서버 버전 이름:    Apache Tomcat/10.1.16
19-Dec-2023 14:23:46.648 INFO [main] org.apache.catalina.startup.VersionLoggerListener.log Server 빌드 시각:  Nov 10 2023 16:17:33 UTC
19-Dec-2023 14:23:46.648 INFO [main] org.apache.catalina.startup.VersionLoggerListener.log Server 버전 번호:  10.1.16.0
19-Dec-2023 14:23:46.648 INFO [main] org.apache.catalina.startup.VersionLoggerListener.log 운영체제 이름:     Windows 10
19-Dec-2023 14:23:46.649 INFO [main] org.apache.catalina.startup.VersionLoggerListener.log 운영체제 버전:     10.0
19-Dec-2023 14:23:46.649 INFO [main] org.apache.catalina.startup.VersionLoggerListener.log 아키텍처:          amd64
19-Dec-2023 14:23:46.649 INFO [main] org.apache.catalina.startup.VersionLoggerListener.log 자바 홈:           C:\Users\user\.jdks\openjdk-19
19-Dec-2023 14:23:46.649 INFO [main] org.apache.catalina.startup.VersionLoggerListener.log JVM 버전:          19+36-2238
19-Dec-2023 14:23:46.649 INFO [main] org.apache.catalina.startup.VersionLoggerListener.log JVM 벤더:          Oracle Corporation
19-Dec-2023 14:23:46.649 INFO [main] org.apache.catalina.startup.VersionLoggerListener.log CATALINA_BASE:     C:\Users\user\Desktop\youtube 강의\jsp_projects\JSP_Board
19-Dec-2023 14:23:46.649 INFO [main] org.apache.catalina.startup.VersionLoggerListener.log CATALINA_HOME:     C:\Users\user\Desktop\youtube 강의\apache-tomcat-10.1.16
19-Dec-2023 14:23:46.673 INFO [main] org.apache.catalina.startup.VersionLoggerListener.log 명령 행 아규먼트:  --add-opens=java.base/java.lang=ALL-UNNAMED
19-Dec-2023 14:23:46.673 INFO [main] org.apache.catalina.startup.VersionLoggerListener.log 명령 행 아규먼트:  --add-opens=java.base/java.io=ALL-UNNAMED
19-Dec-2023 14:23:46.673 INFO [main] org.apache.catalina.startup.VersionLoggerListener.log 명령 행 아규먼트:  --add-opens=java.base/java.util=ALL-UNNAMED
19-Dec-2023 14:23:46.673 INFO [main] org.apache.catalina.startup.VersionLoggerListener.log 명령 행 아규먼트:  --add-opens=java.base/java.util.concurrent=ALL-UNNAMED
19-Dec-2023 14:23:46.673 INFO [main] org.apache.catalina.startup.VersionLoggerListener.log 명령 행 아규먼트:  --add-opens=java.rmi/sun.rmi.transport=ALL-UNNAMED
19-Dec-2023 14:23:46.673 INFO [main] org.apache.catalina.startup.VersionLoggerListener.log 명령 행 아규먼트:  -Dcatalina.home=C:\Users\user\Desktop\youtube 강의\apache-tomcat-10.1.16
19-Dec-2023 14:23:46.673 INFO [main] org.apache.catalina.startup.VersionLoggerListener.log 명령 행 아규먼트:  -Dcatalina.base=C:\Users\user\Desktop\youtube 강의\jsp_projects\JSP_Board
19-Dec-2023 14:23:46.673 INFO [main] org.apache.catalina.startup.VersionLoggerListener.log 명령 행 아규먼트:  -Djava.io.tmpdir=C:\Users\user\Desktop\youtube 강의\jsp_projects\JSP_Board\temp
19-Dec-2023 14:23:46.673 INFO [main] org.apache.catalina.startup.VersionLoggerListener.log 명령 행 아규먼트:  -Djava.util.logging.config.file=C:\Users\user\Desktop\youtube 강의\jsp_projects\JSP_Board\conf\logging.properties
19-Dec-2023 14:23:46.673 INFO [main] org.apache.catalina.startup.VersionLoggerListener.log 명령 행 아규먼트:  -Djava.util.logging.manager=org.apache.juli.ClassLoaderLogManager
19-Dec-2023 14:23:46.673 INFO [main] org.apache.catalina.startup.VersionLoggerListener.log 명령 행 아규먼트:  -javaagent:C:\Program Files\JetBrains\IntelliJ IDEA Community Edition 2023.1.2\lib\idea_rt.jar=51161:C:\Program Files\JetBrains\IntelliJ IDEA Community Edition 2023.1.2\bin
19-Dec-2023 14:23:46.674 INFO [main] org.apache.catalina.startup.VersionLoggerListener.log 명령 행 아규먼트:  -Dfile.encoding=UTF-8
19-Dec-2023 14:23:46.674 INFO [main] org.apache.catalina.startup.VersionLoggerListener.log 명령 행 아규먼트:  -Dsun.stdout.encoding=UTF-8
19-Dec-2023 14:23:46.674 INFO [main] org.apache.catalina.startup.VersionLoggerListener.log 명령 행 아규먼트:  -Dsun.stderr.encoding=UTF-8
19-Dec-2023 14:23:46.677 INFO [main] org.apache.catalina.core.AprLifecycleListener.lifecycleEvent APR 버전 [1.7.4]을(를) 사용한, APR 기반 Apache Tomcat Native 라이브러리 [2.0.6]을(를) 로드했습니다.
19-Dec-2023 14:23:46.687 INFO [main] org.apache.catalina.core.AprLifecycleListener.initializeSSL OpenSSL이 성공적으로 초기화되었습니다: [OpenSSL 3.0.11 19 Sep 2023]
19-Dec-2023 14:23:46.988 INFO [main] org.apache.coyote.AbstractProtocol.init 프로토콜 핸들러 ["http-nio-8081"]을(를) 초기화합니다.
19-Dec-2023 14:23:47.005 INFO [main] org.apache.catalina.startup.Catalina.load [710] 밀리초 내에 서버가 초기화되었습니다.
19-Dec-2023 14:23:47.058 INFO [main] org.apache.catalina.core.StandardService.startInternal 서비스 [Catalina]을(를) 시작합니다.
19-Dec-2023 14:23:47.058 INFO [main] org.apache.catalina.core.StandardEngine.startInternal 서버 엔진을 시작합니다: [Apache Tomcat/10.1.16]
19-Dec-2023 14:23:47.073 INFO [main] org.apache.catalina.startup.HostConfig.deployDescriptor 배치 descriptor [C:\Users\user\Desktop\youtube 강의\jsp_projects\JSP_Board\conf\Catalina\localhost\ROOT.xml]을(를) 배치합니다.
19-Dec-2023 14:23:48.161 INFO [main] org.apache.jasper.servlet.TldScanner.scanJars 적어도 하나의 JAR가 TLD들을 찾기 위해 스캔되었으나 아무 것도 찾지 못했습니다. 스캔했으나 TLD가 없는 JAR들의 전체 목록을 보시려면, 로그 레벨을 디버그 레벨로 설정하십시오. 스캔 과정에서 불필요한 JAR들을 건너뛰면, 시스템 시작 시간과 JSP 컴파일 시간을 단축시킬 수 있습니다.
19-Dec-2023 14:23:48.247 INFO [main] org.apache.catalina.startup.HostConfig.deployDescriptor 배치 descriptor [C:\Users\user\Desktop\youtube 강의\jsp_projects\JSP_Board\conf\Catalina\localhost\ROOT.xml]의 배치가 [1,172] 밀리초 내에 완료되었습니다.
19-Dec-2023 14:23:48.250 INFO [main] org.apache.coyote.AbstractProtocol.start 프로토콜 핸들러 ["http-nio-8081"]을(를) 시작합니다.
19-Dec-2023 14:23:48.309 INFO [main] org.apache.catalina.startup.Catalina.start 서버가 [1303] 밀리초 내에 시작되었습니다.
19-Dec-2023 14:24:48.577 INFO [Thread-1] org.apache.coyote.AbstractProtocol.pause 프로토콜 핸들러 ["http-nio-8081"]을(를) 일시 정지 중
19-Dec-2023 14:24:48.585 INFO [Thread-1] org.apache.catalina.core.StandardService.stopInternal 서비스 [Catalina]을(를) 중지시킵니다.
19-Dec-2023 14:24:48.590 WARNING [Thread-1] org.apache.catalina.loader.WebappClassLoaderBase.clearReferencesJdbc 웹 애플리케이션 [ROOT]이(가) JDBC 드라이버 [com.mysql.cj.jdbc.Driver]을(를) 등록했지만, 웹 애플리케이션이 중지될 때, 해당 JDBC 드라이버의 등록을 제거하지 못했습니다. 메모리 누수를 방지하기 위하여, 등록을 강제로 제거했습니다.
19-Dec-2023 14:24:48.591 WARNING [Thread-1] org.apache.catalina.loader.WebappClassLoaderBase.clearReferencesThreads 웹 애플리케이션 [ROOT]이(가) [mysql-cj-abandoned-connection-cleanup](이)라는 이름의 쓰레드를 시작시킨 것으로 보이지만, 해당 쓰레드를 중지시키지 못했습니다. 이는 메모리 누수를 유발할 가능성이 큽니다. 해당 쓰레드의 스택 트레이스:
 java.base/jdk.internal.misc.Unsafe.park(Native Method)
 java.base/java.util.concurrent.locks.LockSupport.parkNanos(LockSupport.java:269)
 java.base/java.util.concurrent.locks.AbstractQueuedSynchronizer$ConditionObject.await(AbstractQueuedSynchronizer.java:1759)
 java.base/java.lang.ref.ReferenceQueue.await(ReferenceQueue.java:71)
 java.base/java.lang.ref.ReferenceQueue.remove0(ReferenceQueue.java:143)
 java.base/java.lang.ref.ReferenceQueue.remove(ReferenceQueue.java:218)
 com.mysql.cj.jdbc.AbandonedConnectionCleanupThread.run(AbandonedConnectionCleanupThread.java:91)
 java.base/java.util.concurrent.ThreadPoolExecutor.runWorker(ThreadPoolExecutor.java:1144)
 java.base/java.util.concurrent.ThreadPoolExecutor$Worker.run(ThreadPoolExecutor.java:642)
 java.base/java.lang.Thread.run(Thread.java:1589)
19-Dec-2023 14:24:48.596 INFO [Thread-1] org.apache.coyote.AbstractProtocol.stop 프로토콜 핸들러 ["http-nio-8081"]을(를) 중지시킵니다.
19-Dec-2023 14:24:48.600 INFO [Thread-1] org.apache.coyote.AbstractProtocol.destroy 프로토콜 핸들러 ["http-nio-8081"]을(를) 소멸시킵니다.
19-Dec-2023 14:24:52.240 INFO [main] org.apache.catalina.startup.VersionLoggerListener.log 서버 버전 이름:    Apache Tomcat/10.1.16
19-Dec-2023 14:24:52.245 INFO [main] org.apache.catalina.startup.VersionLoggerListener.log Server 빌드 시각:  Nov 10 2023 16:17:33 UTC
19-Dec-2023 14:24:52.245 INFO [main] org.apache.catalina.startup.VersionLoggerListener.log Server 버전 번호:  10.1.16.0
19-Dec-2023 14:24:52.246 INFO [main] org.apache.catalina.startup.VersionLoggerListener.log 운영체제 이름:     Windows 10
19-Dec-2023 14:24:52.246 INFO [main] org.apache.catalina.startup.VersionLoggerListener.log 운영체제 버전:     10.0
19-Dec-2023 14:24:52.246 INFO [main] org.apache.catalina.startup.VersionLoggerListener.log 아키텍처:          amd64
19-Dec-2023 14:24:52.246 INFO [main] org.apache.catalina.startup.VersionLoggerListener.log 자바 홈:           C:\Users\user\.jdks\openjdk-19
19-Dec-2023 14:24:52.246 INFO [main] org.apache.catalina.startup.VersionLoggerListener.log JVM 버전:          19+36-2238
19-Dec-2023 14:24:52.246 INFO [main] org.apache.catalina.startup.VersionLoggerListener.log JVM 벤더:          Oracle Corporation
19-Dec-2023 14:24:52.246 INFO [main] org.apache.catalina.startup.VersionLoggerListener.log CATALINA_BASE:     C:\Users\user\Desktop\youtube 강의\jsp_projects\JSP_Board
19-Dec-2023 14:24:52.246 INFO [main] org.apache.catalina.startup.VersionLoggerListener.log CATALINA_HOME:     C:\Users\user\Desktop\youtube 강의\apache-tomcat-10.1.16
19-Dec-2023 14:24:52.256 INFO [main] org.apache.catalina.startup.VersionLoggerListener.log 명령 행 아규먼트:  --add-opens=java.base/java.lang=ALL-UNNAMED
19-Dec-2023 14:24:52.256 INFO [main] org.apache.catalina.startup.VersionLoggerListener.log 명령 행 아규먼트:  --add-opens=java.base/java.io=ALL-UNNAMED
19-Dec-2023 14:24:52.256 INFO [main] org.apache.catalina.startup.VersionLoggerListener.log 명령 행 아규먼트:  --add-opens=java.base/java.util=ALL-UNNAMED
19-Dec-2023 14:24:52.256 INFO [main] org.apache.catalina.startup.VersionLoggerListener.log 명령 행 아규먼트:  --add-opens=java.base/java.util.concurrent=ALL-UNNAMED
19-Dec-2023 14:24:52.257 INFO [main] org.apache.catalina.startup.VersionLoggerListener.log 명령 행 아규먼트:  --add-opens=java.rmi/sun.rmi.transport=ALL-UNNAMED
19-Dec-2023 14:24:52.257 INFO [main] org.apache.catalina.startup.VersionLoggerListener.log 명령 행 아규먼트:  -Dcatalina.home=C:\Users\user\Desktop\youtube 강의\apache-tomcat-10.1.16
19-Dec-2023 14:24:52.257 INFO [main] org.apache.catalina.startup.VersionLoggerListener.log 명령 행 아규먼트:  -Dcatalina.base=C:\Users\user\Desktop\youtube 강의\jsp_projects\JSP_Board
19-Dec-2023 14:24:52.257 INFO [main] org.apache.catalina.startup.VersionLoggerListener.log 명령 행 아규먼트:  -Djava.io.tmpdir=C:\Users\user\Desktop\youtube 강의\jsp_projects\JSP_Board\temp
19-Dec-2023 14:24:52.257 INFO [main] org.apache.catalina.startup.VersionLoggerListener.log 명령 행 아규먼트:  -Djava.util.logging.config.file=C:\Users\user\Desktop\youtube 강의\jsp_projects\JSP_Board\conf\logging.properties
19-Dec-2023 14:24:52.257 INFO [main] org.apache.catalina.startup.VersionLoggerListener.log 명령 행 아규먼트:  -Djava.util.logging.manager=org.apache.juli.ClassLoaderLogManager
19-Dec-2023 14:24:52.257 INFO [main] org.apache.catalina.startup.VersionLoggerListener.log 명령 행 아규먼트:  -javaagent:C:\Program Files\JetBrains\IntelliJ IDEA Community Edition 2023.1.2\lib\idea_rt.jar=51187:C:\Program Files\JetBrains\IntelliJ IDEA Community Edition 2023.1.2\bin
19-Dec-2023 14:24:52.257 INFO [main] org.apache.catalina.startup.VersionLoggerListener.log 명령 행 아규먼트:  -Dfile.encoding=UTF-8
19-Dec-2023 14:24:52.257 INFO [main] org.apache.catalina.startup.VersionLoggerListener.log 명령 행 아규먼트:  -Dsun.stdout.encoding=UTF-8
19-Dec-2023 14:24:52.257 INFO [main] org.apache.catalina.startup.VersionLoggerListener.log 명령 행 아규먼트:  -Dsun.stderr.encoding=UTF-8
19-Dec-2023 14:24:52.261 INFO [main] org.apache.catalina.core.AprLifecycleListener.lifecycleEvent APR 버전 [1.7.4]을(를) 사용한, APR 기반 Apache Tomcat Native 라이브러리 [2.0.6]을(를) 로드했습니다.
19-Dec-2023 14:24:52.269 INFO [main] org.apache.catalina.core.AprLifecycleListener.initializeSSL OpenSSL이 성공적으로 초기화되었습니다: [OpenSSL 3.0.11 19 Sep 2023]
19-Dec-2023 14:24:52.521 INFO [main] org.apache.coyote.AbstractProtocol.init 프로토콜 핸들러 ["http-nio-8081"]을(를) 초기화합니다.
19-Dec-2023 14:24:52.540 INFO [main] org.apache.catalina.startup.Catalina.load [504] 밀리초 내에 서버가 초기화되었습니다.
19-Dec-2023 14:24:52.592 INFO [main] org.apache.catalina.core.StandardService.startInternal 서비스 [Catalina]을(를) 시작합니다.
19-Dec-2023 14:24:52.592 INFO [main] org.apache.catalina.core.StandardEngine.startInternal 서버 엔진을 시작합니다: [Apache Tomcat/10.1.16]
19-Dec-2023 14:24:52.607 INFO [main] org.apache.catalina.startup.HostConfig.deployDescriptor 배치 descriptor [C:\Users\user\Desktop\youtube 강의\jsp_projects\JSP_Board\conf\Catalina\localhost\ROOT.xml]을(를) 배치합니다.
19-Dec-2023 14:24:53.860 INFO [main] org.apache.jasper.servlet.TldScanner.scanJars 적어도 하나의 JAR가 TLD들을 찾기 위해 스캔되었으나 아무 것도 찾지 못했습니다. 스캔했으나 TLD가 없는 JAR들의 전체 목록을 보시려면, 로그 레벨을 디버그 레벨로 설정하십시오. 스캔 과정에서 불필요한 JAR들을 건너뛰면, 시스템 시작 시간과 JSP 컴파일 시간을 단축시킬 수 있습니다.
19-Dec-2023 14:24:53.977 INFO [main] org.apache.catalina.startup.HostConfig.deployDescriptor 배치 descriptor [C:\Users\user\Desktop\youtube 강의\jsp_projects\JSP_Board\conf\Catalina\localhost\ROOT.xml]의 배치가 [1,368] 밀리초 내에 완료되었습니다.
19-Dec-2023 14:24:53.980 INFO [main] org.apache.coyote.AbstractProtocol.start 프로토콜 핸들러 ["http-nio-8081"]을(를) 시작합니다.
19-Dec-2023 14:24:54.054 INFO [main] org.apache.catalina.startup.Catalina.start 서버가 [1512] 밀리초 내에 시작되었습니다.
19-Dec-2023 14:58:58.250 INFO [Catalina-utility-1] org.apache.catalina.core.StandardContext.reload 이름이 []인 컨텍스트를 다시 로드하는 작업이 시작되었습니다.
19-Dec-2023 14:58:58.253 WARNING [Catalina-utility-1] org.apache.catalina.loader.WebappClassLoaderBase.clearReferencesJdbc 웹 애플리케이션 [ROOT]이(가) JDBC 드라이버 [com.mysql.cj.jdbc.Driver]을(를) 등록했지만, 웹 애플리케이션이 중지될 때, 해당 JDBC 드라이버의 등록을 제거하지 못했습니다. 메모리 누수를 방지하기 위하여, 등록을 강제로 제거했습니다.
19-Dec-2023 14:58:58.254 WARNING [Catalina-utility-1] org.apache.catalina.loader.WebappClassLoaderBase.clearReferencesThreads 웹 애플리케이션 [ROOT]이(가) [mysql-cj-abandoned-connection-cleanup](이)라는 이름의 쓰레드를 시작시킨 것으로 보이지만, 해당 쓰레드를 중지시키지 못했습니다. 이는 메모리 누수를 유발할 가능성이 큽니다. 해당 쓰레드의 스택 트레이스:
 java.base/jdk.internal.misc.Unsafe.park(Native Method)
 java.base/java.util.concurrent.locks.LockSupport.parkNanos(LockSupport.java:269)
 java.base/java.util.concurrent.locks.AbstractQueuedSynchronizer$ConditionObject.await(AbstractQueuedSynchronizer.java:1759)
 java.base/java.lang.ref.ReferenceQueue.await(ReferenceQueue.java:71)
 java.base/java.lang.ref.ReferenceQueue.remove0(ReferenceQueue.java:143)
 java.base/java.lang.ref.ReferenceQueue.remove(ReferenceQueue.java:218)
 com.mysql.cj.jdbc.AbandonedConnectionCleanupThread.run(AbandonedConnectionCleanupThread.java:91)
 java.base/java.util.concurrent.ThreadPoolExecutor.runWorker(ThreadPoolExecutor.java:1144)
 java.base/java.util.concurrent.ThreadPoolExecutor$Worker.run(ThreadPoolExecutor.java:642)
 java.base/java.lang.Thread.run(Thread.java:1589)
19-Dec-2023 14:58:58.953 INFO [Catalina-utility-1] org.apache.jasper.servlet.TldScanner.scanJars 적어도 하나의 JAR가 TLD들을 찾기 위해 스캔되었으나 아무 것도 찾지 못했습니다. 스캔했으나 TLD가 없는 JAR들의 전체 목록을 보시려면, 로그 레벨을 디버그 레벨로 설정하십시오. 스캔 과정에서 불필요한 JAR들을 건너뛰면, 시스템 시작 시간과 JSP 컴파일 시간을 단축시킬 수 있습니다.
19-Dec-2023 14:58:58.956 INFO [Catalina-utility-1] org.apache.catalina.core.StandardContext.reload 이름이 []인 컨텍스트를 다시 로드하는 것을 완료했습니다.
19-Dec-2023 14:58:59.233 INFO [mysql-cj-abandoned-connection-cleanup] org.apache.catalina.loader.WebappClassLoaderBase.checkStateForResourceLoading 불허되는 접근: 이 웹 애플리케이션 인스턴스는 이미 중지되었습니다. []을(를) 로드할 수 없습니다. 디버그 목적 및 불허되는 접근을 발생시킨 해당 쓰레드를 종료시키기 위한 시도로서, 다음 스택 트레이스가 생성됩니다.
	java.lang.IllegalStateException: 불허되는 접근: 이 웹 애플리케이션 인스턴스는 이미 중지되었습니다. []을(를) 로드할 수 없습니다. 디버그 목적 및 불허되는 접근을 발생시킨 해당 쓰레드를 종료시키기 위한 시도로서, 다음 스택 트레이스가 생성됩니다.
		at org.apache.catalina.loader.WebappClassLoaderBase.checkStateForResourceLoading(WebappClassLoaderBase.java:1373)
		at org.apache.catalina.loader.WebappClassLoaderBase.getResource(WebappClassLoaderBase.java:971)
		at com.mysql.cj.jdbc.AbandonedConnectionCleanupThread.checkThreadContextClassLoader(AbandonedConnectionCleanupThread.java:123)
		at com.mysql.cj.jdbc.AbandonedConnectionCleanupThread.run(AbandonedConnectionCleanupThread.java:90)
		at java.base/java.util.concurrent.ThreadPoolExecutor.runWorker(ThreadPoolExecutor.java:1144)
		at java.base/java.util.concurrent.ThreadPoolExecutor$Worker.run(ThreadPoolExecutor.java:642)
		at java.base/java.lang.Thread.run(Thread.java:1589)
19-Dec-2023 15:09:19.696 INFO [Thread-1] org.apache.coyote.AbstractProtocol.pause 프로토콜 핸들러 ["http-nio-8081"]을(를) 일시 정지 중
19-Dec-2023 15:09:19.704 INFO [Thread-1] org.apache.catalina.core.StandardService.stopInternal 서비스 [Catalina]을(를) 중지시킵니다.
19-Dec-2023 15:09:19.707 INFO [Thread-1] org.apache.coyote.AbstractProtocol.stop 프로토콜 핸들러 ["http-nio-8081"]을(를) 중지시킵니다.
19-Dec-2023 15:09:19.709 INFO [Thread-1] org.apache.coyote.AbstractProtocol.destroy 프로토콜 핸들러 ["http-nio-8081"]을(를) 소멸시킵니다.
19-Dec-2023 15:09:23.716 INFO [main] org.apache.catalina.startup.VersionLoggerListener.log 서버 버전 이름:    Apache Tomcat/10.1.16
19-Dec-2023 15:09:23.720 INFO [main] org.apache.catalina.startup.VersionLoggerListener.log Server 빌드 시각:  Nov 10 2023 16:17:33 UTC
19-Dec-2023 15:09:23.720 INFO [main] org.apache.catalina.startup.VersionLoggerListener.log Server 버전 번호:  10.1.16.0
19-Dec-2023 15:09:23.720 INFO [main] org.apache.catalina.startup.VersionLoggerListener.log 운영체제 이름:     Windows 10
19-Dec-2023 15:09:23.721 INFO [main] org.apache.catalina.startup.VersionLoggerListener.log 운영체제 버전:     10.0
19-Dec-2023 15:09:23.721 INFO [main] org.apache.catalina.startup.VersionLoggerListener.log 아키텍처:          amd64
19-Dec-2023 15:09:23.721 INFO [main] org.apache.catalina.startup.VersionLoggerListener.log 자바 홈:           C:\Users\user\.jdks\openjdk-19
19-Dec-2023 15:09:23.721 INFO [main] org.apache.catalina.startup.VersionLoggerListener.log JVM 버전:          19+36-2238
19-Dec-2023 15:09:23.721 INFO [main] org.apache.catalina.startup.VersionLoggerListener.log JVM 벤더:          Oracle Corporation
19-Dec-2023 15:09:23.721 INFO [main] org.apache.catalina.startup.VersionLoggerListener.log CATALINA_BASE:     C:\Users\user\Desktop\youtube 강의\jsp_projects\JSP_Board
19-Dec-2023 15:09:23.721 INFO [main] org.apache.catalina.startup.VersionLoggerListener.log CATALINA_HOME:     C:\Users\user\Desktop\youtube 강의\apache-tomcat-10.1.16
19-Dec-2023 15:09:23.733 INFO [main] org.apache.catalina.startup.VersionLoggerListener.log 명령 행 아규먼트:  --add-opens=java.base/java.lang=ALL-UNNAMED
19-Dec-2023 15:09:23.733 INFO [main] org.apache.catalina.startup.VersionLoggerListener.log 명령 행 아규먼트:  --add-opens=java.base/java.io=ALL-UNNAMED
19-Dec-2023 15:09:23.733 INFO [main] org.apache.catalina.startup.VersionLoggerListener.log 명령 행 아규먼트:  --add-opens=java.base/java.util=ALL-UNNAMED
19-Dec-2023 15:09:23.733 INFO [main] org.apache.catalina.startup.VersionLoggerListener.log 명령 행 아규먼트:  --add-opens=java.base/java.util.concurrent=ALL-UNNAMED
19-Dec-2023 15:09:23.733 INFO [main] org.apache.catalina.startup.VersionLoggerListener.log 명령 행 아규먼트:  --add-opens=java.rmi/sun.rmi.transport=ALL-UNNAMED
19-Dec-2023 15:09:23.734 INFO [main] org.apache.catalina.startup.VersionLoggerListener.log 명령 행 아규먼트:  -Dcatalina.home=C:\Users\user\Desktop\youtube 강의\apache-tomcat-10.1.16
19-Dec-2023 15:09:23.734 INFO [main] org.apache.catalina.startup.VersionLoggerListener.log 명령 행 아규먼트:  -Dcatalina.base=C:\Users\user\Desktop\youtube 강의\jsp_projects\JSP_Board
19-Dec-2023 15:09:23.734 INFO [main] org.apache.catalina.startup.VersionLoggerListener.log 명령 행 아규먼트:  -Djava.io.tmpdir=C:\Users\user\Desktop\youtube 강의\jsp_projects\JSP_Board\temp
19-Dec-2023 15:09:23.734 INFO [main] org.apache.catalina.startup.VersionLoggerListener.log 명령 행 아규먼트:  -Djava.util.logging.config.file=C:\Users\user\Desktop\youtube 강의\jsp_projects\JSP_Board\conf\logging.properties
19-Dec-2023 15:09:23.734 INFO [main] org.apache.catalina.startup.VersionLoggerListener.log 명령 행 아규먼트:  -Djava.util.logging.manager=org.apache.juli.ClassLoaderLogManager
19-Dec-2023 15:09:23.734 INFO [main] org.apache.catalina.startup.VersionLoggerListener.log 명령 행 아규먼트:  -javaagent:C:\Program Files\JetBrains\IntelliJ IDEA Community Edition 2023.1.2\lib\idea_rt.jar=51715:C:\Program Files\JetBrains\IntelliJ IDEA Community Edition 2023.1.2\bin
19-Dec-2023 15:09:23.734 INFO [main] org.apache.catalina.startup.VersionLoggerListener.log 명령 행 아규먼트:  -Dfile.encoding=UTF-8
19-Dec-2023 15:09:23.734 INFO [main] org.apache.catalina.startup.VersionLoggerListener.log 명령 행 아규먼트:  -Dsun.stdout.encoding=UTF-8
19-Dec-2023 15:09:23.734 INFO [main] org.apache.catalina.startup.VersionLoggerListener.log 명령 행 아규먼트:  -Dsun.stderr.encoding=UTF-8
19-Dec-2023 15:09:23.738 INFO [main] org.apache.catalina.core.AprLifecycleListener.lifecycleEvent APR 버전 [1.7.4]을(를) 사용한, APR 기반 Apache Tomcat Native 라이브러리 [2.0.6]을(를) 로드했습니다.
19-Dec-2023 15:09:23.746 INFO [main] org.apache.catalina.core.AprLifecycleListener.initializeSSL OpenSSL이 성공적으로 초기화되었습니다: [OpenSSL 3.0.11 19 Sep 2023]
19-Dec-2023 15:09:24.045 INFO [main] org.apache.coyote.AbstractProtocol.init 프로토콜 핸들러 ["http-nio-8081"]을(를) 초기화합니다.
19-Dec-2023 15:09:24.066 INFO [main] org.apache.catalina.startup.Catalina.load [623] 밀리초 내에 서버가 초기화되었습니다.
19-Dec-2023 15:09:24.129 INFO [main] org.apache.catalina.core.StandardService.startInternal 서비스 [Catalina]을(를) 시작합니다.
19-Dec-2023 15:09:24.130 INFO [main] org.apache.catalina.core.StandardEngine.startInternal 서버 엔진을 시작합니다: [Apache Tomcat/10.1.16]
19-Dec-2023 15:09:24.144 INFO [main] org.apache.catalina.startup.HostConfig.deployDescriptor 배치 descriptor [C:\Users\user\Desktop\youtube 강의\jsp_projects\JSP_Board\conf\Catalina\localhost\ROOT.xml]을(를) 배치합니다.
19-Dec-2023 15:09:25.662 INFO [main] org.apache.jasper.servlet.TldScanner.scanJars 적어도 하나의 JAR가 TLD들을 찾기 위해 스캔되었으나 아무 것도 찾지 못했습니다. 스캔했으나 TLD가 없는 JAR들의 전체 목록을 보시려면, 로그 레벨을 디버그 레벨로 설정하십시오. 스캔 과정에서 불필요한 JAR들을 건너뛰면, 시스템 시작 시간과 JSP 컴파일 시간을 단축시킬 수 있습니다.
19-Dec-2023 15:09:25.766 INFO [main] org.apache.catalina.startup.HostConfig.deployDescriptor 배치 descriptor [C:\Users\user\Desktop\youtube 강의\jsp_projects\JSP_Board\conf\Catalina\localhost\ROOT.xml]의 배치가 [1,620] 밀리초 내에 완료되었습니다.
19-Dec-2023 15:09:25.770 INFO [main] org.apache.coyote.AbstractProtocol.start 프로토콜 핸들러 ["http-nio-8081"]을(를) 시작합니다.
19-Dec-2023 15:09:25.842 INFO [main] org.apache.catalina.startup.Catalina.start 서버가 [1775] 밀리초 내에 시작되었습니다.
